
   RESPONSE:
<!DOCTYPE html PUBLIC "-//W3C//DTD XHTML 1.0 Strict//EN" "http://www.w3.org/TR/xhtml1/DTD/xhtml1-strict.dtd"><html xmlns="http://www.w3.org/1999/xhtml"><head><title>GlassFish Server Open Source Edition 3.1.2.2 - Error report</title><style type="text/css"><!--H1 {font-family:Tahoma,Arial,sans-serif;color:white;background-color:#525D76;font-size:22px;} H2 {font-family:Tahoma,Arial,sans-serif;color:white;background-color:#525D76;font-size:16px;} H3 {font-family:Tahoma,Arial,sans-serif;color:white;background-color:#525D76;font-size:14px;} BODY {font-family:Tahoma,Arial,sans-serif;color:black;background-color:white;} B {font-family:Tahoma,Arial,sans-serif;color:white;background-color:#525D76;} P {font-family:Tahoma,Arial,sans-serif;background:white;color:black;font-size:12px;}A {color : black;}HR {color : #525D76;}--></style> </head><body><h1>HTTP Status 404 - </h1><hr/><p><b>type</b> Status report</p><p><b>message</b></p><p><b>description</b>The requested resource () is not available.</p><hr/><h3>GlassFish Server Open Source Edition 3.1.2.2</h3></body></html>
   URL:http://localhost:8080/DSMAPICAT/api/admin/troubleTicket/count
   TIME:0,062
   STATUS:404
   METHOD:GET


   RESPONSE:
<!DOCTYPE html PUBLIC "-//W3C//DTD XHTML 1.0 Strict//EN" "http://www.w3.org/TR/xhtml1/DTD/xhtml1-strict.dtd"><html xmlns="http://www.w3.org/1999/xhtml"><head><title>GlassFish Server Open Source Edition 3.1.2.2 - Error report</title><style type="text/css"><!--H1 {font-family:Tahoma,Arial,sans-serif;color:white;background-color:#525D76;font-size:22px;} H2 {font-family:Tahoma,Arial,sans-serif;color:white;background-color:#525D76;font-size:16px;} H3 {font-family:Tahoma,Arial,sans-serif;color:white;background-color:#525D76;font-size:14px;} BODY {font-family:Tahoma,Arial,sans-serif;color:black;background-color:white;} B {font-family:Tahoma,Arial,sans-serif;color:white;background-color:#525D76;} P {font-family:Tahoma,Arial,sans-serif;background:white;color:black;font-size:12px;}A {color : black;}HR {color : #525D76;}--></style> </head><body><h1>HTTP Status 404 - </h1><hr/><p><b>type</b> Status report</p><p><b>message</b></p><p><b>description</b>The requested resource () is not available.</p><hr/><h3>GlassFish Server Open Source Edition 3.1.2.2</h3></body></html>
   URL:http://localhost:8080/DSMAPICAT/api/admin/troubleTicket/count
   TIME:0,019
   STATUS:404
   METHOD:GET


   RESPONSE:
<!DOCTYPE html PUBLIC "-//W3C//DTD XHTML 1.0 Strict//EN" "http://www.w3.org/TR/xhtml1/DTD/xhtml1-strict.dtd"><html xmlns="http://www.w3.org/1999/xhtml"><head><title>GlassFish Server Open Source Edition 3.1.2.2 - Error report</title><style type="text/css"><!--H1 {font-family:Tahoma,Arial,sans-serif;color:white;background-color:#525D76;font-size:22px;} H2 {font-family:Tahoma,Arial,sans-serif;color:white;background-color:#525D76;font-size:16px;} H3 {font-family:Tahoma,Arial,sans-serif;color:white;background-color:#525D76;font-size:14px;} BODY {font-family:Tahoma,Arial,sans-serif;color:black;background-color:white;} B {font-family:Tahoma,Arial,sans-serif;color:white;background-color:#525D76;} P {font-family:Tahoma,Arial,sans-serif;background:white;color:black;font-size:12px;}A {color : black;}HR {color : #525D76;}--></style> </head><body><h1>HTTP Status 404 - </h1><hr/><p><b>type</b> Status report</p><p><b>message</b></p><p><b>description</b>The requested resource () is not available.</p><hr/><h3>GlassFish Server Open Source Edition 3.1.2.2</h3></body></html>
   URL:http://localhost:8080/DSMAPICAT/api/admin/troubleTicket/count
   TIME:0,021
   STATUS:404
   METHOD:GET


   RESPONSE:
<!DOCTYPE html PUBLIC "-//W3C//DTD XHTML 1.0 Strict//EN" "http://www.w3.org/TR/xhtml1/DTD/xhtml1-strict.dtd"><html xmlns="http://www.w3.org/1999/xhtml"><head><title>GlassFish Server Open Source Edition 3.1.2.2 - Error report</title><style type="text/css"><!--H1 {font-family:Tahoma,Arial,sans-serif;color:white;background-color:#525D76;font-size:22px;} H2 {font-family:Tahoma,Arial,sans-serif;color:white;background-color:#525D76;font-size:16px;} H3 {font-family:Tahoma,Arial,sans-serif;color:white;background-color:#525D76;font-size:14px;} BODY {font-family:Tahoma,Arial,sans-serif;color:black;background-color:white;} B {font-family:Tahoma,Arial,sans-serif;color:white;background-color:#525D76;} P {font-family:Tahoma,Arial,sans-serif;background:white;color:black;font-size:12px;}A {color : black;}HR {color : #525D76;}--></style> </head><body><h1>HTTP Status 404 - </h1><hr/><p><b>type</b> Status report</p><p><b>message</b></p><p><b>description</b>The requested resource () is not available.</p><hr/><h3>GlassFish Server Open Source Edition 3.1.2.2</h3></body></html>
   URL:http://localhost:8080/DSMAPICAT/admin/count
   TIME:0,021
   STATUS:404
   METHOD:GET


   RESPONSE:
<!DOCTYPE html PUBLIC "-//W3C//DTD XHTML 1.0 Strict//EN" "http://www.w3.org/TR/xhtml1/DTD/xhtml1-strict.dtd"><html xmlns="http://www.w3.org/1999/xhtml"><head><title>GlassFish Server Open Source Edition 3.1.2.2 - Error report</title><style type="text/css"><!--H1 {font-family:Tahoma,Arial,sans-serif;color:white;background-color:#525D76;font-size:22px;} H2 {font-family:Tahoma,Arial,sans-serif;color:white;background-color:#525D76;font-size:16px;} H3 {font-family:Tahoma,Arial,sans-serif;color:white;background-color:#525D76;font-size:14px;} BODY {font-family:Tahoma,Arial,sans-serif;color:black;background-color:white;} B {font-family:Tahoma,Arial,sans-serif;color:white;background-color:#525D76;} P {font-family:Tahoma,Arial,sans-serif;background:white;color:black;font-size:12px;}A {color : black;}HR {color : #525D76;}--></style> </head><body><h1>HTTP Status 406 - Not Acceptable</h1><hr/><p><b>type</b> Status report</p><p><b>message</b>Not Acceptable</p><p><b>description</b>The resource identified by this request is only capable of generating responses with characteristics not acceptable according to the request "accept" headers (Not Acceptable).</p><hr/><h3>GlassFish Server Open Source Edition 3.1.2.2</h3></body></html>
   URL:http://localhost:8080/DSProductCatalog/webresources/tmf.org.dsmapi.catalog.productoffering/admin/count
   TIME:0,022
   STATUS:406
   METHOD:GET


   RESPONSE:
{"currentRows":"4"}
   URL:http://localhost:8080/DSProductCatalog/webresources/tmf.org.dsmapi.catalog.productoffering/admin/count
   TIME:0,398
   STATUS:200
   METHOD:GET


   RESPONSE:
{"previousRows":"4","currentRows":"14","affectedRows":"10"}
   URL:http://localhost:8080/DSProductCatalog/webresources/tmf.org.dsmapi.catalog.productoffering/admin
   TIME:0,507
   STATUS:201
   METHOD:POST
   INPUT FILE:json/list-large.json


   RESPONSE:
<!DOCTYPE html PUBLIC "-//W3C//DTD XHTML 1.0 Strict//EN" "http://www.w3.org/TR/xhtml1/DTD/xhtml1-strict.dtd"><html xmlns="http://www.w3.org/1999/xhtml"><head><title>GlassFish Server Open Source Edition 3.1.2.2 - Error report</title><style type="text/css"><!--H1 {font-family:Tahoma,Arial,sans-serif;color:white;background-color:#525D76;font-size:22px;} H2 {font-family:Tahoma,Arial,sans-serif;color:white;background-color:#525D76;font-size:16px;} H3 {font-family:Tahoma,Arial,sans-serif;color:white;background-color:#525D76;font-size:14px;} BODY {font-family:Tahoma,Arial,sans-serif;color:black;background-color:white;} B {font-family:Tahoma,Arial,sans-serif;color:white;background-color:#525D76;} P {font-family:Tahoma,Arial,sans-serif;background:white;color:black;font-size:12px;}A {color : black;}HR {color : #525D76;}--></style> </head><body><h1>HTTP Status 404 - Not Found</h1><hr/><p><b>type</b> Status report</p><p><b>message</b>Not Found</p><p><b>description</b>The requested resource (Not Found) is not available.</p><hr/><h3>GlassFish Server Open Source Edition 3.1.2.2</h3></body></html>
   URL:http://localhost:8080/DSProductCatalog/webresources/tmf.org.dsmapi.catalog.productoffering/admin/troubleTicket/
   TIME:0,022
   STATUS:404
   METHOD:DELETE


   RESPONSE:
{"previousRows":"14","currentRows":"0","affectedRows":"14"}
   URL:http://localhost:8080/DSProductCatalog/webresources/tmf.org.dsmapi.catalog.productoffering/admin/
   TIME:0,318
   STATUS:200
   METHOD:DELETE


   RESPONSE:
{"previousRows":"0","currentRows":"10","affectedRows":"10"}
   URL:http://localhost:8080/DSProductCatalog/webresources/tmf.org.dsmapi.catalog.productoffering/admin
   TIME:0,222
   STATUS:201
   METHOD:POST
   INPUT FILE:json/list-large.json


   RESPONSE:
{"previousRows":"10","currentRows":"20","affectedRows":"10"}
   URL:http://localhost:8080/DSProductCatalog/webresources/tmf.org.dsmapi.catalog.productoffering/admin
   TIME:0,232
   STATUS:201
   METHOD:POST
   INPUT FILE:json/list-large.json


   RESPONSE:
{"previousRows":"20","currentRows":"0","affectedRows":"20"}
   URL:http://localhost:8080/DSProductCatalog/webresources/tmf.org.dsmapi.catalog.productoffering/admin/
   TIME:0,379
   STATUS:200
   METHOD:DELETE


   RESPONSE:
{"currentRows":"0"}
   URL:http://localhost:8080/DSProductCatalog/webresources/tmf.org.dsmapi.catalog.productoffering/admin/count
   TIME:0,025
   STATUS:200
   METHOD:GET


   RESPONSE:
{"previousRows":"0","currentRows":"10","affectedRows":"10"}
   URL:http://localhost:8080/DSProductCatalog/webresources/tmf.org.dsmapi.catalog.productoffering/admin
   TIME:0,243
   STATUS:201
   METHOD:POST
   INPUT FILE:json/list-large.json


   RESPONSE:
<!DOCTYPE html PUBLIC "-//W3C//DTD XHTML 1.0 Strict//EN" "http://www.w3.org/TR/xhtml1/DTD/xhtml1-strict.dtd"><html xmlns="http://www.w3.org/1999/xhtml"><head><title>GlassFish Server Open Source Edition 3.1.2.2 - Error report</title><style type="text/css"><!--H1 {font-family:Tahoma,Arial,sans-serif;color:white;background-color:#525D76;font-size:22px;} H2 {font-family:Tahoma,Arial,sans-serif;color:white;background-color:#525D76;font-size:16px;} H3 {font-family:Tahoma,Arial,sans-serif;color:white;background-color:#525D76;font-size:14px;} BODY {font-family:Tahoma,Arial,sans-serif;color:black;background-color:white;} B {font-family:Tahoma,Arial,sans-serif;color:white;background-color:#525D76;} P {font-family:Tahoma,Arial,sans-serif;background:white;color:black;font-size:12px;}A {color : black;}HR {color : #525D76;}--></style> </head><body><h1>HTTP Status 404 - Not Found</h1><hr/><p><b>type</b> Status report</p><p><b>message</b>Not Found</p><p><b>description</b>The requested resource (Not Found) is not available.</p><hr/><h3>GlassFish Server Open Source Edition 3.1.2.2</h3></body></html>
   URL:http://localhost:8080/DSProductCatalog/webresources/tmf.org.dsmapi.catalog.productoffering/admin/332
   TIME:0,020
   STATUS:404
   METHOD:DELETE


   RESPONSE:

   URL:http://localhost:8080/DSProductCatalog/webresources/tmf.org.dsmapi.catalog.productoffering/admin/332
   TIME:0,294
   STATUS:204
   METHOD:DELETE


   RESPONSE:

   URL:http://localhost:8080/DSProductCatalog/webresources/tmf.org.dsmapi.catalog.productoffering/admin/337
   TIME:0,027
   STATUS:204
   METHOD:DELETE


   RESPONSE:
<!DOCTYPE html PUBLIC "-//W3C//DTD XHTML 1.0 Strict//EN" "http://www.w3.org/TR/xhtml1/DTD/xhtml1-strict.dtd"><html xmlns="http://www.w3.org/1999/xhtml"><head><title>GlassFish Server Open Source Edition 3.1.2.2 - Error report</title><style type="text/css"><!--H1 {font-family:Tahoma,Arial,sans-serif;color:white;background-color:#525D76;font-size:22px;} H2 {font-family:Tahoma,Arial,sans-serif;color:white;background-color:#525D76;font-size:16px;} H3 {font-family:Tahoma,Arial,sans-serif;color:white;background-color:#525D76;font-size:14px;} BODY {font-family:Tahoma,Arial,sans-serif;color:black;background-color:white;} B {font-family:Tahoma,Arial,sans-serif;color:white;background-color:#525D76;} P {font-family:Tahoma,Arial,sans-serif;background:white;color:black;font-size:12px;}A {color : black;}HR {color : #525D76;}--></style> </head><body><h1>HTTP Status 500 - </h1><hr/><p><b>type</b> Exception report</p><p><b>message</b></p><p><b>description</b>The server encountered an internal error () that prevented it from fulfilling this request.</p><p><b>exception</b> <pre>javax.servlet.ServletException: java.lang.IllegalArgumentException: Object: null is not a known entity type.</pre></p><p><b>root cause</b> <pre>java.lang.IllegalArgumentException: Object: null is not a known entity type.</pre></p><p><b>note</b> <u>The full stack traces of the exception and its root causes are available in the GlassFish Server Open Source Edition 3.1.2.2 logs.</u></p><hr/><h3>GlassFish Server Open Source Edition 3.1.2.2</h3></body></html>
   URL:http://localhost:8080/DSProductCatalog/webresources/tmf.org.dsmapi.catalog.productoffering/admin/33
   TIME:0,274
   STATUS:500
   METHOD:DELETE


   RESPONSE:
{"previousRows":"8","currentRows":"0","affectedRows":"8"}
   URL:http://localhost:8080/DSProductCatalog/webresources/tmf.org.dsmapi.catalog.productoffering/admin/
   TIME:0,169
   STATUS:200
   METHOD:DELETE


   RESPONSE:
{"currentRows":"0"}
   URL:http://localhost:8080/DSProductCatalog/webresources/tmf.org.dsmapi.catalog.productoffering/admin/count
   TIME:0,030
   STATUS:200
   METHOD:GET


   RESPONSE:
<!DOCTYPE html PUBLIC "-//W3C//DTD XHTML 1.0 Strict//EN" "http://www.w3.org/TR/xhtml1/DTD/xhtml1-strict.dtd"><html xmlns="http://www.w3.org/1999/xhtml"><head><title>GlassFish Server Open Source Edition 3.1.2.2 - Error report</title><style type="text/css"><!--H1 {font-family:Tahoma,Arial,sans-serif;color:white;background-color:#525D76;font-size:22px;} H2 {font-family:Tahoma,Arial,sans-serif;color:white;background-color:#525D76;font-size:16px;} H3 {font-family:Tahoma,Arial,sans-serif;color:white;background-color:#525D76;font-size:14px;} BODY {font-family:Tahoma,Arial,sans-serif;color:black;background-color:white;} B {font-family:Tahoma,Arial,sans-serif;color:white;background-color:#525D76;} P {font-family:Tahoma,Arial,sans-serif;background:white;color:black;font-size:12px;}A {color : black;}HR {color : #525D76;}--></style> </head><body><h1>HTTP Status 500 - </h1><hr/><p><b>type</b> Exception report</p><p><b>message</b></p><p><b>description</b>The server encountered an internal error () that prevented it from fulfilling this request.</p><p><b>exception</b> <pre>javax.servlet.ServletException: java.io.EOFException: No content to map to Object due to end of input</pre></p><p><b>root cause</b> <pre>java.io.EOFException: No content to map to Object due to end of input</pre></p><p><b>note</b> <u>The full stack traces of the exception and its root causes are available in the GlassFish Server Open Source Edition 3.1.2.2 logs.</u></p><hr/><h3>GlassFish Server Open Source Edition 3.1.2.2</h3></body></html>
   URL:http://localhost:8080/DSProductCatalog/webresources/tmf.org.dsmapi.catalog.productoffering/admin
   TIME:0,030
   STATUS:500
   METHOD:POST
   INPUT FILE:json/json/list-small.json


   RESPONSE:
<!DOCTYPE html PUBLIC "-//W3C//DTD XHTML 1.0 Strict//EN" "http://www.w3.org/TR/xhtml1/DTD/xhtml1-strict.dtd"><html xmlns="http://www.w3.org/1999/xhtml"><head><title>GlassFish Server Open Source Edition 3.1.2.2 - Error report</title><style type="text/css"><!--H1 {font-family:Tahoma,Arial,sans-serif;color:white;background-color:#525D76;font-size:22px;} H2 {font-family:Tahoma,Arial,sans-serif;color:white;background-color:#525D76;font-size:16px;} H3 {font-family:Tahoma,Arial,sans-serif;color:white;background-color:#525D76;font-size:14px;} BODY {font-family:Tahoma,Arial,sans-serif;color:black;background-color:white;} B {font-family:Tahoma,Arial,sans-serif;color:white;background-color:#525D76;} P {font-family:Tahoma,Arial,sans-serif;background:white;color:black;font-size:12px;}A {color : black;}HR {color : #525D76;}--></style> </head><body><h1>HTTP Status 500 - </h1><hr/><p><b>type</b> Exception report</p><p><b>message</b></p><p><b>description</b>The server encountered an internal error () that prevented it from fulfilling this request.</p><p><b>exception</b> <pre>javax.servlet.ServletException: java.io.EOFException: No content to map to Object due to end of input</pre></p><p><b>root cause</b> <pre>java.io.EOFException: No content to map to Object due to end of input</pre></p><p><b>note</b> <u>The full stack traces of the exception and its root causes are available in the GlassFish Server Open Source Edition 3.1.2.2 logs.</u></p><hr/><h3>GlassFish Server Open Source Edition 3.1.2.2</h3></body></html>
   URL:http://localhost:8080/DSProductCatalog/webresources/tmf.org.dsmapi.catalog.productoffering/admin
   TIME:0,026
   STATUS:500
   METHOD:POST
   INPUT FILE:json/json/list-large.json


   RESPONSE:
{"previousRows":"0","currentRows":"10","affectedRows":"10"}
   URL:http://localhost:8080/DSProductCatalog/webresources/tmf.org.dsmapi.catalog.productoffering/admin
   TIME:0,242
   STATUS:201
   METHOD:POST
   INPUT FILE:json/list-large.json


   RESPONSE:
{"previousRows":"10","currentRows":"0","affectedRows":"10"}
   URL:http://localhost:8080/DSProductCatalog/webresources/tmf.org.dsmapi.catalog.productoffering/admin/
   TIME:0,181
   STATUS:200
   METHOD:DELETE


   RESPONSE:
<!DOCTYPE html PUBLIC "-//W3C//DTD XHTML 1.0 Strict//EN" "http://www.w3.org/TR/xhtml1/DTD/xhtml1-strict.dtd"><html xmlns="http://www.w3.org/1999/xhtml"><head><title>GlassFish Server Open Source Edition 3.1.2.2 - Error report</title><style type="text/css"><!--H1 {font-family:Tahoma,Arial,sans-serif;color:white;background-color:#525D76;font-size:22px;} H2 {font-family:Tahoma,Arial,sans-serif;color:white;background-color:#525D76;font-size:16px;} H3 {font-family:Tahoma,Arial,sans-serif;color:white;background-color:#525D76;font-size:14px;} BODY {font-family:Tahoma,Arial,sans-serif;color:black;background-color:white;} B {font-family:Tahoma,Arial,sans-serif;color:white;background-color:#525D76;} P {font-family:Tahoma,Arial,sans-serif;background:white;color:black;font-size:12px;}A {color : black;}HR {color : #525D76;}--></style> </head><body><h1>HTTP Status 500 - </h1><hr/><p><b>type</b> Exception report</p><p><b>message</b></p><p><b>description</b>The server encountered an internal error () that prevented it from fulfilling this request.</p><p><b>exception</b> <pre>javax.servlet.ServletException: java.io.EOFException: No content to map to Object due to end of input</pre></p><p><b>root cause</b> <pre>java.io.EOFException: No content to map to Object due to end of input</pre></p><p><b>note</b> <u>The full stack traces of the exception and its root causes are available in the GlassFish Server Open Source Edition 3.1.2.2 logs.</u></p><hr/><h3>GlassFish Server Open Source Edition 3.1.2.2</h3></body></html>
   URL:http://localhost:8080/DSProductCatalog/webresources/tmf.org.dsmapi.catalog.productoffering/admin
   TIME:0,032
   STATUS:500
   METHOD:POST
   INPUT FILE:json/json/list-small.json


   RESPONSE:
<!DOCTYPE html PUBLIC "-//W3C//DTD XHTML 1.0 Strict//EN" "http://www.w3.org/TR/xhtml1/DTD/xhtml1-strict.dtd"><html xmlns="http://www.w3.org/1999/xhtml"><head><title>GlassFish Server Open Source Edition 3.1.2.2 - Error report</title><style type="text/css"><!--H1 {font-family:Tahoma,Arial,sans-serif;color:white;background-color:#525D76;font-size:22px;} H2 {font-family:Tahoma,Arial,sans-serif;color:white;background-color:#525D76;font-size:16px;} H3 {font-family:Tahoma,Arial,sans-serif;color:white;background-color:#525D76;font-size:14px;} BODY {font-family:Tahoma,Arial,sans-serif;color:black;background-color:white;} B {font-family:Tahoma,Arial,sans-serif;color:white;background-color:#525D76;} P {font-family:Tahoma,Arial,sans-serif;background:white;color:black;font-size:12px;}A {color : black;}HR {color : #525D76;}--></style> </head><body><h1>HTTP Status 500 - </h1><hr/><p><b>type</b> Exception report</p><p><b>message</b></p><p><b>description</b>The server encountered an internal error () that prevented it from fulfilling this request.</p><p><b>exception</b> <pre>javax.servlet.ServletException: java.io.EOFException: No content to map to Object due to end of input</pre></p><p><b>root cause</b> <pre>java.io.EOFException: No content to map to Object due to end of input</pre></p><p><b>note</b> <u>The full stack traces of the exception and its root causes are available in the GlassFish Server Open Source Edition 3.1.2.2 logs.</u></p><hr/><h3>GlassFish Server Open Source Edition 3.1.2.2</h3></body></html>
   URL:http://localhost:8080/DSProductCatalog/webresources/tmf.org.dsmapi.catalog.productoffering/admin
   TIME:0,027
   STATUS:500
   METHOD:POST
   INPUT FILE:json/json/list-small.json


   RESPONSE:
{"previousRows":"3","currentRows":"0","affectedRows":"3"}
   URL:http://localhost:8080/DSProductCatalog/webresources/tmf.org.dsmapi.catalog.productoffering/admin/
   TIME:0,083
   STATUS:200
   METHOD:DELETE


   RESPONSE:
{"previousRows":"0","currentRows":"3","affectedRows":"3"}
   URL:http://localhost:8080/DSProductCatalog/webresources/tmf.org.dsmapi.catalog.productoffering/admin
   TIME:0,094
   STATUS:201
   METHOD:POST
   INPUT FILE:json/list-small.json


   RESPONSE:
<!DOCTYPE html PUBLIC "-//W3C//DTD XHTML 1.0 Strict//EN" "http://www.w3.org/TR/xhtml1/DTD/xhtml1-strict.dtd"><html xmlns="http://www.w3.org/1999/xhtml"><head><title>GlassFish Server Open Source Edition 3.1.2.2 - Error report</title><style type="text/css"><!--H1 {font-family:Tahoma,Arial,sans-serif;color:white;background-color:#525D76;font-size:22px;} H2 {font-family:Tahoma,Arial,sans-serif;color:white;background-color:#525D76;font-size:16px;} H3 {font-family:Tahoma,Arial,sans-serif;color:white;background-color:#525D76;font-size:14px;} BODY {font-family:Tahoma,Arial,sans-serif;color:black;background-color:white;} B {font-family:Tahoma,Arial,sans-serif;color:white;background-color:#525D76;} P {font-family:Tahoma,Arial,sans-serif;background:white;color:black;font-size:12px;}A {color : black;}HR {color : #525D76;}--></style> </head><body><h1>HTTP Status 404 - Not Found</h1><hr/><p><b>type</b> Status report</p><p><b>message</b>Not Found</p><p><b>description</b>The requested resource (Not Found) is not available.</p><hr/><h3>GlassFish Server Open Source Edition 3.1.2.2</h3></body></html>
   URL:http://localhost:8080/DSProductCatalog/webresources/tmf.org.dsmapi.catalog.productoffering/api/troubleTicket
   TIME:0,048
   STATUS:404
   METHOD:POST
   INPUT FILE:json/create.json


   RESPONSE:
{"id":"367","name":"PO 1","description":"ProductOffering 1","isBundle":true,"validFor":{"startDateTime":"2001-01-01T00:00:00.000+0000","endDateTime":"2002-01-01T00:00:00.000+0000"},"productCategories":[{"href":"href","name":"name","description":"desc"},{"href":"href","name":"name","description":"desc"}],"productSpecification":{"href":"href","name":"name","description":"desc"},"productOfferingPrices":[{"name":"name","validFor":{"startDateTime":"2001-01-01T00:00:00.000+0000","endDateTime":"2002-01-01T00:00:00.000+0000"},"price":{"amount":"amount","currency":"currency"},"recurringChargePeriod":"period"}],"bundledProductOfferings":[{"href":"href","name":"name","description":"desc"}]}
   URL:http://localhost:8080/DSProductCatalog/webresources/tmf.org.dsmapi.catalog.productoffering/
   TIME:0,068
   STATUS:200
   METHOD:POST
   INPUT FILE:json/create.json


   RESPONSE:
{"id":"369","name":"PO 1","description":"ProductOffering 1","isBundle":true,"validFor":{"startDateTime":"2001-01-01T00:00:00.000+0000","endDateTime":"2002-01-01T00:00:00.000+0000"},"productCategories":[{"href":"href","name":"name","description":"desc"},{"href":"href","name":"name","description":"desc"}],"productSpecification":{"href":"href","name":"name","description":"desc"},"productOfferingPrices":[{"name":"name","validFor":{"startDateTime":"2001-01-01T00:00:00.000+0000","endDateTime":"2002-01-01T00:00:00.000+0000"},"price":{"amount":"amount","currency":"currency"},"recurringChargePeriod":"period"}],"bundledProductOfferings":[{"href":"href","name":"name","description":"desc"}]}
   URL:http://localhost:8080/DSProductCatalog/webresources/tmf.org.dsmapi.catalog.productoffering/
   TIME:0,031
   STATUS:200
   METHOD:POST
   INPUT FILE:json/create.json


   RESPONSE:
<!DOCTYPE html PUBLIC "-//W3C//DTD XHTML 1.0 Strict//EN" "http://www.w3.org/TR/xhtml1/DTD/xhtml1-strict.dtd"><html xmlns="http://www.w3.org/1999/xhtml"><head><title>GlassFish Server Open Source Edition 3.1.2.2 - Error report</title><style type="text/css"><!--H1 {font-family:Tahoma,Arial,sans-serif;color:white;background-color:#525D76;font-size:22px;} H2 {font-family:Tahoma,Arial,sans-serif;color:white;background-color:#525D76;font-size:16px;} H3 {font-family:Tahoma,Arial,sans-serif;color:white;background-color:#525D76;font-size:14px;} BODY {font-family:Tahoma,Arial,sans-serif;color:black;background-color:white;} B {font-family:Tahoma,Arial,sans-serif;color:white;background-color:#525D76;} P {font-family:Tahoma,Arial,sans-serif;background:white;color:black;font-size:12px;}A {color : black;}HR {color : #525D76;}--></style> </head><body><h1>HTTP Status 404 - Not Found</h1><hr/><p><b>type</b> Status report</p><p><b>message</b>Not Found</p><p><b>description</b>The requested resource (Not Found) is not available.</p><hr/><h3>GlassFish Server Open Source Edition 3.1.2.2</h3></body></html>
   URL:http://localhost:8080/DSProductCatalog/webresources/tmf.org.dsmapi.catalog.productoffering//368
   TIME:0,026
   STATUS:404
   METHOD:GET


   RESPONSE:
<!DOCTYPE html PUBLIC "-//W3C//DTD XHTML 1.0 Strict//EN" "http://www.w3.org/TR/xhtml1/DTD/xhtml1-strict.dtd"><html xmlns="http://www.w3.org/1999/xhtml"><head><title>GlassFish Server Open Source Edition 3.1.2.2 - Error report</title><style type="text/css"><!--H1 {font-family:Tahoma,Arial,sans-serif;color:white;background-color:#525D76;font-size:22px;} H2 {font-family:Tahoma,Arial,sans-serif;color:white;background-color:#525D76;font-size:16px;} H3 {font-family:Tahoma,Arial,sans-serif;color:white;background-color:#525D76;font-size:14px;} BODY {font-family:Tahoma,Arial,sans-serif;color:black;background-color:white;} B {font-family:Tahoma,Arial,sans-serif;color:white;background-color:#525D76;} P {font-family:Tahoma,Arial,sans-serif;background:white;color:black;font-size:12px;}A {color : black;}HR {color : #525D76;}--></style> </head><body><h1>HTTP Status 404 - Not Found</h1><hr/><p><b>type</b> Status report</p><p><b>message</b>Not Found</p><p><b>description</b>The requested resource (Not Found) is not available.</p><hr/><h3>GlassFish Server Open Source Edition 3.1.2.2</h3></body></html>
   URL:http://localhost:8080/DSProductCatalog/webresources/tmf.org.dsmapi.catalog.productoffering//368
   TIME:0,019
   STATUS:404
   METHOD:GET


   RESPONSE:
<!DOCTYPE html PUBLIC "-//W3C//DTD XHTML 1.0 Strict//EN" "http://www.w3.org/TR/xhtml1/DTD/xhtml1-strict.dtd"><html xmlns="http://www.w3.org/1999/xhtml"><head><title>GlassFish Server Open Source Edition 3.1.2.2 - Error report</title><style type="text/css"><!--H1 {font-family:Tahoma,Arial,sans-serif;color:white;background-color:#525D76;font-size:22px;} H2 {font-family:Tahoma,Arial,sans-serif;color:white;background-color:#525D76;font-size:16px;} H3 {font-family:Tahoma,Arial,sans-serif;color:white;background-color:#525D76;font-size:14px;} BODY {font-family:Tahoma,Arial,sans-serif;color:black;background-color:white;} B {font-family:Tahoma,Arial,sans-serif;color:white;background-color:#525D76;} P {font-family:Tahoma,Arial,sans-serif;background:white;color:black;font-size:12px;}A {color : black;}HR {color : #525D76;}--></style> </head><body><h1>HTTP Status 404 - Not Found</h1><hr/><p><b>type</b> Status report</p><p><b>message</b>Not Found</p><p><b>description</b>The requested resource (Not Found) is not available.</p><hr/><h3>GlassFish Server Open Source Edition 3.1.2.2</h3></body></html>
   URL:http://localhost:8080/DSProductCatalog/webresources/tmf.org.dsmapi.catalog.productoffering//369
   TIME:0,022
   STATUS:404
   METHOD:GET


   RESPONSE:
{"id":"368","name":"name","description":"desc","isBundle":false,"validFor":{"startDateTime":"2010-01-01T00:00:00.000+0000","endDateTime":"2015-01-01T00:00:00.000+0000"},"productCategories":[{"href":"href","name":"pcname1","description":"pcdesc1"},{"href":"href","name":"pcname2","description":"pcdesc2"}],"productSpecification":{"href":"pshref","name":"psname","description":"psdesc"},"productOfferingPrices":[{"name":"popname","validFor":{"startDateTime":"2010-01-01T00:00:00.000+0000","endDateTime":"2015-01-01T00:00:00.000+0000"},"priceType":"pricetype","unitOfMeasure":"unit","price":{"amount":"amount","currency":"currency"},"recurringChargePeriod":"period"}],"bundledProductOfferings":[{"href":"href","name":"bponame","description":"bpodesc"}]}
   URL:http://localhost:8080/DSProductCatalog/webresources/tmf.org.dsmapi.catalog.productoffering/368
   TIME:0,018
   STATUS:200
   METHOD:GET


   RESPONSE:
[{"id":"366","name":"PO 3","description":"ProductOffering 3","isBundle":true,"validFor":{"startDateTime":"2003-01-01T00:00:00.000+0000","endDateTime":"2004-01-01T00:00:00.000+0000"},"productCategories":[{"href":"href","name":"name","description":"desc"},{"href":"href","name":"name","description":"desc"}],"productSpecification":{"href":"href","name":"name","description":"desc"},"productOfferingPrices":[{"name":"name","validFor":{"startDateTime":"2003-01-01T00:00:00.000+0000","endDateTime":"2004-01-01T00:00:00.000+0000"},"price":{"amount":"amount","currency":"currency"},"recurringChargePeriod":"period"}],"bundledProductOfferings":[{"href":"href","name":"name","description":"desc"}]},{"id":"364","name":"PO 1","description":"ProductOffering 1","isBundle":true,"validFor":{"startDateTime":"2001-01-01T00:00:00.000+0000","endDateTime":"2002-01-01T00:00:00.000+0000"},"productCategories":[{"href":"href","name":"name","description":"desc"},{"href":"href","name":"name","description":"desc"}],"productSpecification":{"href":"href","name":"name","description":"desc"},"productOfferingPrices":[{"name":"name","validFor":{"startDateTime":"2001-01-01T00:00:00.000+0000","endDateTime":"2002-01-01T00:00:00.000+0000"},"price":{"amount":"amount","currency":"currency"},"recurringChargePeriod":"period"}],"bundledProductOfferings":[{"href":"href","name":"name","description":"desc"}]},{"id":"365","name":"PO 2","description":"ProductOffering 2","isBundle":true,"validFor":{"startDateTime":"2002-01-01T00:00:00.000+0000","endDateTime":"2003-01-01T00:00:00.000+0000"},"productCategories":[{"href":"href","name":"name","description":"desc"},{"href":"href","name":"name","description":"desc"}],"productSpecification":{"href":"href","name":"name","description":"desc"},"productOfferingPrices":[{"name":"name","validFor":{"startDateTime":"2002-01-01T00:00:00.000+0000","endDateTime":"2003-01-01T00:00:00.000+0000"},"price":{"amount":"amount","currency":"currency"},"recurringChargePeriod":"period"}],"bundledProductOfferings":[{"href":"href","name":"name","description":"desc"}]},{"id":"367","name":"PO 1","description":"ProductOffering 1","isBundle":true,"validFor":{"startDateTime":"2001-01-01T00:00:00.000+0000","endDateTime":"2002-01-01T00:00:00.000+0000"},"productCategories":[{"href":"href","name":"name","description":"desc"},{"href":"href","name":"name","description":"desc"}],"productSpecification":{"href":"href","name":"name","description":"desc"},"productOfferingPrices":[{"name":"name","validFor":{"startDateTime":"2001-01-01T00:00:00.000+0000","endDateTime":"2002-01-01T00:00:00.000+0000"},"price":{"amount":"amount","currency":"currency"},"recurringChargePeriod":"period"}],"bundledProductOfferings":[{"href":"href","name":"name","description":"desc"}]},{"id":"368","name":"name","description":"desc","isBundle":false,"validFor":{"startDateTime":"2010-01-01T00:00:00.000+0000","endDateTime":"2015-01-01T00:00:00.000+0000"},"productCategories":[{"href":"href","name":"pcname1","description":"pcdesc1"},{"href":"href","name":"pcname2","description":"pcdesc2"}],"productSpecification":{"href":"pshref","name":"psname","description":"psdesc"},"productOfferingPrices":[{"name":"popname","validFor":{"startDateTime":"2010-01-01T00:00:00.000+0000","endDateTime":"2015-01-01T00:00:00.000+0000"},"priceType":"pricetype","unitOfMeasure":"unit","price":{"amount":"amount","currency":"currency"},"recurringChargePeriod":"period"}],"bundledProductOfferings":[{"href":"href","name":"bponame","description":"bpodesc"}]},{"id":"369","name":"PO 1","description":"ProductOffering 1","isBundle":true,"validFor":{"startDateTime":"2001-01-01T00:00:00.000+0000","endDateTime":"2002-01-01T00:00:00.000+0000"},"productCategories":[{"href":"href","name":"name","description":"desc"},{"href":"href","name":"name","description":"desc"}],"productSpecification":{"href":"href","name":"name","description":"desc"},"productOfferingPrices":[{"name":"name","validFor":{"startDateTime":"2001-01-01T00:00:00.000+0000","endDateTime":"2002-01-01T00:00:00.000+0000"},"price":{"amount":"amount","currency":"currency"},"recurringChargePeriod":"period"}],"bundledProductOfferings":[{"href":"href","name":"name","description":"desc"}]}]
   URL:http://localhost:8080/DSProductCatalog/webresources/tmf.org.dsmapi.catalog.productoffering/
   TIME:0,066
   STATUS:200
   METHOD:GET


   RESPONSE:
{"id":"368","name":"name","description":"desc","isBundle":false,"validFor":{"startDateTime":"2010-01-01T00:00:00.000+0000","endDateTime":"2015-01-01T00:00:00.000+0000"},"productCategories":[{"href":"href","name":"pcname1","description":"pcdesc1"},{"href":"href","name":"pcname2","description":"pcdesc2"}],"productSpecification":{"href":"pshref","name":"psname","description":"psdesc"},"productOfferingPrices":[{"name":"popname","validFor":{"startDateTime":"2010-01-01T00:00:00.000+0000","endDateTime":"2015-01-01T00:00:00.000+0000"},"priceType":"pricetype","unitOfMeasure":"unit","price":{"amount":"amount","currency":"currency"},"recurringChargePeriod":"period"}],"bundledProductOfferings":[{"href":"href","name":"bponame","description":"bpodesc"}]}
   URL:http://localhost:8080/DSProductCatalog/webresources/tmf.org.dsmapi.catalog.productoffering/368
   TIME:0,020
   STATUS:200
   METHOD:GET


   RESPONSE:
<!DOCTYPE html PUBLIC "-//W3C//DTD XHTML 1.0 Strict//EN" "http://www.w3.org/TR/xhtml1/DTD/xhtml1-strict.dtd"><html xmlns="http://www.w3.org/1999/xhtml"><head><title>GlassFish Server Open Source Edition 3.1.2.2 - Error report</title><style type="text/css"><!--H1 {font-family:Tahoma,Arial,sans-serif;color:white;background-color:#525D76;font-size:22px;} H2 {font-family:Tahoma,Arial,sans-serif;color:white;background-color:#525D76;font-size:16px;} H3 {font-family:Tahoma,Arial,sans-serif;color:white;background-color:#525D76;font-size:14px;} BODY {font-family:Tahoma,Arial,sans-serif;color:black;background-color:white;} B {font-family:Tahoma,Arial,sans-serif;color:white;background-color:#525D76;} P {font-family:Tahoma,Arial,sans-serif;background:white;color:black;font-size:12px;}A {color : black;}HR {color : #525D76;}--></style> </head><body><h1>HTTP Status 404 - Not Found</h1><hr/><p><b>type</b> Status report</p><p><b>message</b>Not Found</p><p><b>description</b>The requested resource (Not Found) is not available.</p><hr/><h3>GlassFish Server Open Source Edition 3.1.2.2</h3></body></html>
   URL:http://localhost:8080/DSProductCatalog/webresources/tmf.org.dsmapi.catalog.productoffering/api/troubleTicket/368
   TIME:0,021
   STATUS:404
   METHOD:PUT
   INPUT FILE:json/put.json


   RESPONSE:
<!DOCTYPE html PUBLIC "-//W3C//DTD XHTML 1.0 Strict//EN" "http://www.w3.org/TR/xhtml1/DTD/xhtml1-strict.dtd"><html xmlns="http://www.w3.org/1999/xhtml"><head><title>GlassFish Server Open Source Edition 3.1.2.2 - Error report</title><style type="text/css"><!--H1 {font-family:Tahoma,Arial,sans-serif;color:white;background-color:#525D76;font-size:22px;} H2 {font-family:Tahoma,Arial,sans-serif;color:white;background-color:#525D76;font-size:16px;} H3 {font-family:Tahoma,Arial,sans-serif;color:white;background-color:#525D76;font-size:14px;} BODY {font-family:Tahoma,Arial,sans-serif;color:black;background-color:white;} B {font-family:Tahoma,Arial,sans-serif;color:white;background-color:#525D76;} P {font-family:Tahoma,Arial,sans-serif;background:white;color:black;font-size:12px;}A {color : black;}HR {color : #525D76;}--></style> </head><body><h1>HTTP Status 500 - </h1><hr/><p><b>type</b> Exception report</p><p><b>message</b></p><p><b>description</b>The server encountered an internal error () that prevented it from fulfilling this request.</p><p><b>exception</b> <pre>javax.servlet.ServletException: java.lang.IllegalArgumentException: An instance of a null PK has been incorrectly provided for this find operation.</pre></p><p><b>root cause</b> <pre>java.lang.IllegalArgumentException: An instance of a null PK has been incorrectly provided for this find operation.</pre></p><p><b>note</b> <u>The full stack traces of the exception and its root causes are available in the GlassFish Server Open Source Edition 3.1.2.2 logs.</u></p><hr/><h3>GlassFish Server Open Source Edition 3.1.2.2</h3></body></html>
   URL:http://localhost:8080/DSProductCatalog/webresources/tmf.org.dsmapi.catalog.productoffering/
   TIME:0,044
   STATUS:500
   METHOD:PUT
   INPUT FILE:json/put.json


   RESPONSE:
{"id":"368","name":"Name modified","description":"Description modified","isBundle":true,"validFor":{"startDateTime":"2001-01-01T00:00:00.000+0000","endDateTime":"2002-01-01T00:00:00.000+0000"},"productCategories":[{"href":"href","name":"name","description":"desc"},{"href":"href","name":"name","description":"desc"}],"productSpecification":{"href":"href","name":"name","description":"desc"},"productOfferingPrices":[{"name":"name","validFor":{"startDateTime":"2001-01-01T00:00:00.000+0000","endDateTime":"2002-01-01T00:00:00.000+0000"},"price":{"amount":"amount","currency":"currency"},"recurringChargePeriod":"period"}],"bundledProductOfferings":[{"href":"href","name":"name","description":"desc"}]}
   URL:http://localhost:8080/DSProductCatalog/webresources/tmf.org.dsmapi.catalog.productoffering/
   TIME:0,080
   STATUS:200
   METHOD:PUT
   INPUT FILE:json/put.json


   RESPONSE:
{"id":"368","name":"Name modified","description":"Description modified","isBundle":true,"validFor":{"startDateTime":"2001-01-01T00:00:00.000+0000","endDateTime":"2002-01-01T00:00:00.000+0000"},"productCategories":[{"href":"href","name":"name","description":"desc"},{"href":"href","name":"name","description":"desc"}],"productSpecification":{"href":"href","name":"name","description":"desc"},"productOfferingPrices":[{"name":"name","validFor":{"startDateTime":"2001-01-01T00:00:00.000+0000","endDateTime":"2002-01-01T00:00:00.000+0000"},"price":{"amount":"amount","currency":"currency"},"recurringChargePeriod":"period"}],"bundledProductOfferings":[{"href":"href","name":"name","description":"desc"}]}
   URL:http://localhost:8080/DSProductCatalog/webresources/tmf.org.dsmapi.catalog.productoffering/
   TIME:0,019
   STATUS:200
   METHOD:PUT
   INPUT FILE:json/put.json


   RESPONSE:
{"id":"369","name":"Name modified","description":"Description modified","isBundle":true,"validFor":{"startDateTime":"2001-01-01T00:00:00.000+0000","endDateTime":"2002-01-01T00:00:00.000+0000"},"productCategories":[{"href":"href","name":"name","description":"desc"},{"href":"href","name":"name","description":"desc"}],"productSpecification":{"href":"href","name":"name","description":"desc"},"productOfferingPrices":[{"name":"name","validFor":{"startDateTime":"2001-01-01T00:00:00.000+0000","endDateTime":"2002-01-01T00:00:00.000+0000"},"price":{"amount":"amount","currency":"currency"},"recurringChargePeriod":"period"}],"bundledProductOfferings":[{"href":"href","name":"name","description":"desc"}]}
   URL:http://localhost:8080/DSProductCatalog/webresources/tmf.org.dsmapi.catalog.productoffering/
   TIME:0,026
   STATUS:200
   METHOD:PUT
   INPUT FILE:json/put.json


   RESPONSE:
{"id":"369","name":"Name modified","description":"Description modified","isBundle":true,"validFor":{"startDateTime":"2001-01-01T00:00:00.000+0000","endDateTime":"2002-01-01T00:00:00.000+0000"},"productCategories":[{"href":"href","name":"name","description":"desc"},{"href":"href","name":"name","description":"desc"}],"productSpecification":{"href":"href","name":"name","description":"desc"},"productOfferingPrices":[{"name":"name","validFor":{"startDateTime":"2001-01-01T00:00:00.000+0000","endDateTime":"2002-01-01T00:00:00.000+0000"},"price":{"amount":"amount","currency":"currency"},"recurringChargePeriod":"period"}],"bundledProductOfferings":[{"href":"href","name":"name","description":"desc"}]}
   URL:http://localhost:8080/DSProductCatalog/webresources/tmf.org.dsmapi.catalog.productoffering/369
   TIME:0,405
   STATUS:200
   METHOD:PUT
   INPUT FILE:json/put.json


   RESPONSE:
<!DOCTYPE html PUBLIC "-//W3C//DTD XHTML 1.0 Strict//EN" "http://www.w3.org/TR/xhtml1/DTD/xhtml1-strict.dtd"><html xmlns="http://www.w3.org/1999/xhtml"><head><title>GlassFish Server Open Source Edition 3.1.2.2 - Error report</title><style type="text/css"><!--H1 {font-family:Tahoma,Arial,sans-serif;color:white;background-color:#525D76;font-size:22px;} H2 {font-family:Tahoma,Arial,sans-serif;color:white;background-color:#525D76;font-size:16px;} H3 {font-family:Tahoma,Arial,sans-serif;color:white;background-color:#525D76;font-size:14px;} BODY {font-family:Tahoma,Arial,sans-serif;color:black;background-color:white;} B {font-family:Tahoma,Arial,sans-serif;color:white;background-color:#525D76;} P {font-family:Tahoma,Arial,sans-serif;background:white;color:black;font-size:12px;}A {color : black;}HR {color : #525D76;}--></style> </head><body><h1>HTTP Status 404 - Not Found</h1><hr/><p><b>type</b> Status report</p><p><b>message</b>Not Found</p><p><b>description</b>The requested resource (Not Found) is not available.</p><hr/><h3>GlassFish Server Open Source Edition 3.1.2.2</h3></body></html>
   URL:http://localhost:8080/DSProductCatalog/webresources/tmf.org.dsmapi.catalog.productoffering/370
   TIME:0,025
   STATUS:404
   METHOD:PUT
   INPUT FILE:json/put.json


   RESPONSE:
{"id":"369","name":"Name modified","description":"Description modified","isBundle":true,"validFor":{"startDateTime":"2001-01-01T00:00:00.000+0000","endDateTime":"2002-01-01T00:00:00.000+0000"},"productCategories":[{"href":"href","name":"name","description":"desc"},{"href":"href","name":"name","description":"desc"}],"productSpecification":{"href":"href","name":"name","description":"desc"},"productOfferingPrices":[{"name":"name","validFor":{"startDateTime":"2001-01-01T00:00:00.000+0000","endDateTime":"2002-01-01T00:00:00.000+0000"},"price":{"amount":"amount","currency":"currency"},"recurringChargePeriod":"period"}],"bundledProductOfferings":[{"href":"href","name":"name","description":"desc"}]}
   URL:http://localhost:8080/DSProductCatalog/webresources/tmf.org.dsmapi.catalog.productoffering/369
   TIME:0,023
   STATUS:200
   METHOD:PUT
   INPUT FILE:json/put.json


   RESPONSE:
[{"id":"366","name":"PO 3","description":"ProductOffering 3","isBundle":true,"validFor":{"startDateTime":"2003-01-01T00:00:00.000+0000","endDateTime":"2004-01-01T00:00:00.000+0000"},"productCategories":[{"href":"href","name":"name","description":"desc"},{"href":"href","name":"name","description":"desc"}],"productSpecification":{"href":"href","name":"name","description":"desc"},"productOfferingPrices":[{"name":"name","validFor":{"startDateTime":"2003-01-01T00:00:00.000+0000","endDateTime":"2004-01-01T00:00:00.000+0000"},"price":{"amount":"amount","currency":"currency"},"recurringChargePeriod":"period"}],"bundledProductOfferings":[{"href":"href","name":"name","description":"desc"}]},{"id":"364","name":"PO 1","description":"ProductOffering 1","isBundle":true,"validFor":{"startDateTime":"2001-01-01T00:00:00.000+0000","endDateTime":"2002-01-01T00:00:00.000+0000"},"productCategories":[{"href":"href","name":"name","description":"desc"},{"href":"href","name":"name","description":"desc"}],"productSpecification":{"href":"href","name":"name","description":"desc"},"productOfferingPrices":[{"name":"name","validFor":{"startDateTime":"2001-01-01T00:00:00.000+0000","endDateTime":"2002-01-01T00:00:00.000+0000"},"price":{"amount":"amount","currency":"currency"},"recurringChargePeriod":"period"}],"bundledProductOfferings":[{"href":"href","name":"name","description":"desc"}]},{"id":"365","name":"PO 2","description":"ProductOffering 2","isBundle":true,"validFor":{"startDateTime":"2002-01-01T00:00:00.000+0000","endDateTime":"2003-01-01T00:00:00.000+0000"},"productCategories":[{"href":"href","name":"name","description":"desc"},{"href":"href","name":"name","description":"desc"}],"productSpecification":{"href":"href","name":"name","description":"desc"},"productOfferingPrices":[{"name":"name","validFor":{"startDateTime":"2002-01-01T00:00:00.000+0000","endDateTime":"2003-01-01T00:00:00.000+0000"},"price":{"amount":"amount","currency":"currency"},"recurringChargePeriod":"period"}],"bundledProductOfferings":[{"href":"href","name":"name","description":"desc"}]},{"id":"367","name":"PO 1","description":"ProductOffering 1","isBundle":true,"validFor":{"startDateTime":"2001-01-01T00:00:00.000+0000","endDateTime":"2002-01-01T00:00:00.000+0000"},"productCategories":[{"href":"href","name":"name","description":"desc"},{"href":"href","name":"name","description":"desc"}],"productSpecification":{"href":"href","name":"name","description":"desc"},"productOfferingPrices":[{"name":"name","validFor":{"startDateTime":"2001-01-01T00:00:00.000+0000","endDateTime":"2002-01-01T00:00:00.000+0000"},"price":{"amount":"amount","currency":"currency"},"recurringChargePeriod":"period"}],"bundledProductOfferings":[{"href":"href","name":"name","description":"desc"}]},{"id":"368","name":"new name","description":"new desc","isBundle":false,"validFor":{"startDateTime":"2010-01-01T00:00:00.000+0000","endDateTime":"2015-01-01T00:00:00.000+0000"},"productCategories":[{"href":"href","name":"pcname1","description":"pcdesc1"},{"href":"href","name":"pcname2","description":"pcdesc2"}],"productSpecification":{"href":"pshref","name":"psname","description":"psdesc"},"productOfferingPrices":[{"name":"popname","validFor":{"startDateTime":"2010-01-01T00:00:00.000+0000","endDateTime":"2015-01-01T00:00:00.000+0000"},"priceType":"pricetype","unitOfMeasure":"unit","price":{"amount":"amount","currency":"currency"},"recurringChargePeriod":"period"}],"bundledProductOfferings":[{"href":"href","name":"bponame","description":"bpodesc"}]},{"id":"369","name":"Name modified","description":"Description modified","isBundle":true,"validFor":{"startDateTime":"2001-01-01T00:00:00.000+0000","endDateTime":"2002-01-01T00:00:00.000+0000"},"productCategories":[{"href":"href","name":"name","description":"desc"},{"href":"href","name":"name","description":"desc"}],"productSpecification":{"href":"href","name":"name","description":"desc"},"productOfferingPrices":[{"name":"name","validFor":{"startDateTime":"2001-01-01T00:00:00.000+0000","endDateTime":"2002-01-01T00:00:00.000+0000"},"price":{"amount":"amount","currency":"currency"},"recurringChargePeriod":"period"}],"bundledProductOfferings":[{"href":"href","name":"name","description":"desc"}]},{"id":"3680","name":"new name","description":"new desc","isBundle":false,"validFor":{"startDateTime":"2010-01-01T00:00:00.000+0000","endDateTime":"2015-01-01T00:00:00.000+0000"},"productCategories":[{"href":"href","name":"pcname1","description":"pcdesc1"},{"href":"href","name":"pcname2","description":"pcdesc2"}],"productSpecification":{"href":"pshref","name":"psname","description":"psdesc"},"productOfferingPrices":[{"name":"popname","validFor":{"startDateTime":"2010-01-01T00:00:00.000+0000","endDateTime":"2015-01-01T00:00:00.000+0000"},"priceType":"pricetype","unitOfMeasure":"unit","price":{"amount":"amount","currency":"currency"},"recurringChargePeriod":"period"}],"bundledProductOfferings":[{"href":"href","name":"bponame","description":"bpodesc"}]}]
   URL:http://localhost:8080/DSProductCatalog/webresources/tmf.org.dsmapi.catalog.productoffering/
   TIME:0,228
   STATUS:200
   METHOD:GET


   RESPONSE:
{"id":"369","name":"Name modified","description":"Description modified","isBundle":true,"validFor":{"startDateTime":"2001-01-01T00:00:00.000+0000","endDateTime":"2002-01-01T00:00:00.000+0000"},"productCategories":[{"href":"href","name":"name","description":"desc"},{"href":"href","name":"name","description":"desc"}],"productSpecification":{"href":"href","name":"name","description":"desc"},"productOfferingPrices":[{"name":"name","validFor":{"startDateTime":"2001-01-01T00:00:00.000+0000","endDateTime":"2002-01-01T00:00:00.000+0000"},"price":{"amount":"amount","currency":"currency"},"recurringChargePeriod":"period"}],"bundledProductOfferings":[{"href":"href","name":"name","description":"desc"}]}
   URL:http://localhost:8080/DSProductCatalog/webresources/tmf.org.dsmapi.catalog.productoffering/369
   TIME:0,019
   STATUS:200
   METHOD:GET


   RESPONSE:
<!DOCTYPE html PUBLIC "-//W3C//DTD XHTML 1.0 Strict//EN" "http://www.w3.org/TR/xhtml1/DTD/xhtml1-strict.dtd"><html xmlns="http://www.w3.org/1999/xhtml"><head><title>GlassFish Server Open Source Edition 3.1.2.2 - Error report</title><style type="text/css"><!--H1 {font-family:Tahoma,Arial,sans-serif;color:white;background-color:#525D76;font-size:22px;} H2 {font-family:Tahoma,Arial,sans-serif;color:white;background-color:#525D76;font-size:16px;} H3 {font-family:Tahoma,Arial,sans-serif;color:white;background-color:#525D76;font-size:14px;} BODY {font-family:Tahoma,Arial,sans-serif;color:black;background-color:white;} B {font-family:Tahoma,Arial,sans-serif;color:white;background-color:#525D76;} P {font-family:Tahoma,Arial,sans-serif;background:white;color:black;font-size:12px;}A {color : black;}HR {color : #525D76;}--></style> </head><body><h1>HTTP Status 404 - Not Found</h1><hr/><p><b>type</b> Status report</p><p><b>message</b>Not Found</p><p><b>description</b>The requested resource (Not Found) is not available.</p><hr/><h3>GlassFish Server Open Source Edition 3.1.2.2</h3></body></html>
   URL:http://localhost:8080/DSProductCatalog/webresources/tmf.org.dsmapi.catalog.productoffering/3690
   TIME:0,023
   STATUS:404
   METHOD:GET


   RESPONSE:
[]
   URL:http://localhost:8080/DSProductCatalog/webresources/tmf.org.dsmapi.catalog.productoffering/?name
   TIME:0,049
   STATUS:200
   METHOD:GET


   RESPONSE:
[{"id":"366","name":"PO 3"},{"id":"364","name":"PO 1"},{"id":"365","name":"PO 2"},{"id":"367","name":"PO 1"},{"id":"368","name":"new name"},{"id":"369","name":"Name modified"},{"id":"3680","name":"new name"}]
   URL:http://localhost:8080/DSProductCatalog/webresources/tmf.org.dsmapi.catalog.productoffering/?fields=name
   TIME:0,041
   STATUS:200
   METHOD:GET


   RESPONSE:
[{"id":"366","description":"ProductOffering 3","name":"PO 3"},{"id":"364","description":"ProductOffering 1","name":"PO 1"},{"id":"365","description":"ProductOffering 2","name":"PO 2"},{"id":"367","description":"ProductOffering 1","name":"PO 1"},{"id":"368","description":"new desc","name":"new name"},{"id":"369","description":"Description modified","name":"Name modified"},{"id":"3680","description":"new desc","name":"new name"}]
   URL:http://localhost:8080/DSProductCatalog/webresources/tmf.org.dsmapi.catalog.productoffering/?fields=name,description
   TIME:0,026
   STATUS:200
   METHOD:GET


   RESPONSE:
[{"id":"366","name":"PO 3"},{"id":"364","name":"PO 1"},{"id":"365","name":"PO 2"},{"id":"367","name":"PO 1"},{"id":"368","name":"new name"},{"id":"369","name":"Name modified"},{"id":"3680","name":"new name"}]
   URL:http://localhost:8080/DSProductCatalog/webresources/tmf.org.dsmapi.catalog.productoffering/?fields=name,descripton
   TIME:0,045
   STATUS:200
   METHOD:GET


   RESPONSE:
[{"id":"364","name":"PO 1"},{"id":"367","name":"PO 1"}]
   URL:http://localhost:8080/DSProductCatalog/webresources/tmf.org.dsmapi.catalog.productoffering/?fields=name&name=PO+1
   TIME:0,026
   STATUS:200
   METHOD:GET


   RESPONSE:
<!DOCTYPE html PUBLIC "-//W3C//DTD XHTML 1.0 Strict//EN" "http://www.w3.org/TR/xhtml1/DTD/xhtml1-strict.dtd"><html xmlns="http://www.w3.org/1999/xhtml"><head><title>GlassFish Server Open Source Edition 3.1.2.2 - Error report</title><style type="text/css"><!--H1 {font-family:Tahoma,Arial,sans-serif;color:white;background-color:#525D76;font-size:22px;} H2 {font-family:Tahoma,Arial,sans-serif;color:white;background-color:#525D76;font-size:16px;} H3 {font-family:Tahoma,Arial,sans-serif;color:white;background-color:#525D76;font-size:14px;} BODY {font-family:Tahoma,Arial,sans-serif;color:black;background-color:white;} B {font-family:Tahoma,Arial,sans-serif;color:white;background-color:#525D76;} P {font-family:Tahoma,Arial,sans-serif;background:white;color:black;font-size:12px;}A {color : black;}HR {color : #525D76;}--></style> </head><body><h1>HTTP Status 500 - </h1><hr/><p><b>type</b> Exception report</p><p><b>message</b></p><p><b>description</b>The server encountered an internal error () that prevented it from fulfilling this request.</p><p><b>exception</b> <pre>javax.servlet.ServletException: java.lang.IllegalArgumentException: The attribute [namea] from the managed type [EntityTypeImpl@1891869714:ProductOffering [ javaType: class tmf.org.dsmapi.catalog.ProductOffering descriptor: RelationalDescriptor(tmf.org.dsmapi.catalog.ProductOffering --&gt; [DatabaseTable(PRODUCTOFFERING)]), mappings: 10]] is not present.</pre></p><p><b>root cause</b> <pre>java.lang.IllegalArgumentException: The attribute [namea] from the managed type [EntityTypeImpl@1891869714:ProductOffering [ javaType: class tmf.org.dsmapi.catalog.ProductOffering descriptor: RelationalDescriptor(tmf.org.dsmapi.catalog.ProductOffering --&gt; [DatabaseTable(PRODUCTOFFERING)]), mappings: 10]] is not present.</pre></p><p><b>note</b> <u>The full stack traces of the exception and its root causes are available in the GlassFish Server Open Source Edition 3.1.2.2 logs.</u></p><hr/><h3>GlassFish Server Open Source Edition 3.1.2.2</h3></body></html>
   URL:http://localhost:8080/DSProductCatalog/webresources/tmf.org.dsmapi.catalog.productoffering/?fields=name&namea=PO+1
   TIME:0,054
   STATUS:500
   METHOD:GET


   RESPONSE:
[]
   URL:http://localhost:8080/DSProductCatalog/webresources/tmf.org.dsmapi.catalog.productoffering/?fields=name&namea=PO+1
   TIME:0,025
   STATUS:200
   METHOD:GET


   RESPONSE:
[]
   URL:http://localhost:8080/DSProductCatalog/webresources/tmf.org.dsmapi.catalog.productoffering/?fields=name&namea=PO+1
   TIME:0,028
   STATUS:200
   METHOD:GET


   RESPONSE:
[{"id":"364","name":"PO 1"},{"id":"367","name":"PO 1"}]
   URL:http://localhost:8080/DSProductCatalog/webresources/tmf.org.dsmapi.catalog.productoffering/?fields=name&name=PO+1
   TIME:0,035
   STATUS:200
   METHOD:GET


   RESPONSE:
[{"id":"364","name":"PO 1"},{"id":"367","name":"PO 1"}]
   URL:http://localhost:8080/DSProductCatalog/webresources/tmf.org.dsmapi.catalog.productoffering/?fields=name&name.eq=PO+1
   TIME:0,032
   STATUS:200
   METHOD:GET


   RESPONSE:
<!DOCTYPE html PUBLIC "-//W3C//DTD XHTML 1.0 Strict//EN" "http://www.w3.org/TR/xhtml1/DTD/xhtml1-strict.dtd"><html xmlns="http://www.w3.org/1999/xhtml"><head><title>GlassFish Server Open Source Edition 3.1.2.2 - Error report</title><style type="text/css"><!--H1 {font-family:Tahoma,Arial,sans-serif;color:white;background-color:#525D76;font-size:22px;} H2 {font-family:Tahoma,Arial,sans-serif;color:white;background-color:#525D76;font-size:16px;} H3 {font-family:Tahoma,Arial,sans-serif;color:white;background-color:#525D76;font-size:14px;} BODY {font-family:Tahoma,Arial,sans-serif;color:black;background-color:white;} B {font-family:Tahoma,Arial,sans-serif;color:white;background-color:#525D76;} P {font-family:Tahoma,Arial,sans-serif;background:white;color:black;font-size:12px;}A {color : black;}HR {color : #525D76;}--></style> </head><body><h1>HTTP Status 500 - </h1><hr/><p><b>type</b> Exception report</p><p><b>message</b></p><p><b>description</b>The server encountered an internal error () that prevented it from fulfilling this request.</p><p><b>exception</b> <pre>javax.servlet.ServletException: Exception [EclipseLink-4002] (Eclipse Persistence Services - 2.3.2.v20111125-r10461): org.eclipse.persistence.exceptions.DatabaseException
Internal Exception: java.sql.SQLSyntaxErrorException: La colonne 'PRODUCTSPECID' ne se trouve dans aucune table de la liste FROM ou figure dans une spcification de jointure et se trouve en dehors de la porte de cette spcification ou figure dans une clause HAVING mais ne se trouve pas dans la liste GROUP BY. S'il s'agit d'une instruction CREATE ou ALTER TABLE, alors 'PRODUCTSPECID' n'est pas une colonne de la table cible.
Error Code: -1
Call: SELECT ID, DESCRIPTION, ISBUNDLE, NAME, productSpecId, productSpecDesc, productSpecName, slaId, slaSpecDesc, slaSpecName, validForEnd, validForStart FROM PRODUCTOFFERING WHERE (NAME = ?)
	bind =&gt; [1 parameter bound]
Query: ReadAllQuery(referenceClass=ProductOffering sql=&quot;SELECT ID, DESCRIPTION, ISBUNDLE, NAME, productSpecId, productSpecDesc, productSpecName, slaId, slaSpecDesc, slaSpecName, validForEnd, validForStart FROM PRODUCTOFFERING WHERE (NAME = ?)&quot;)</pre></p><p><b>root cause</b> <pre>Exception [EclipseLink-4002] (Eclipse Persistence Services - 2.3.2.v20111125-r10461): org.eclipse.persistence.exceptions.DatabaseException
Internal Exception: java.sql.SQLSyntaxErrorException: La colonne 'PRODUCTSPECID' ne se trouve dans aucune table de la liste FROM ou figure dans une spcification de jointure et se trouve en dehors de la porte de cette spcification ou figure dans une clause HAVING mais ne se trouve pas dans la liste GROUP BY. S'il s'agit d'une instruction CREATE ou ALTER TABLE, alors 'PRODUCTSPECID' n'est pas une colonne de la table cible.
Error Code: -1
Call: SELECT ID, DESCRIPTION, ISBUNDLE, NAME, productSpecId, productSpecDesc, productSpecName, slaId, slaSpecDesc, slaSpecName, validForEnd, validForStart FROM PRODUCTOFFERING WHERE (NAME = ?)
	bind =&gt; [1 parameter bound]
Query: ReadAllQuery(referenceClass=ProductOffering sql=&quot;SELECT ID, DESCRIPTION, ISBUNDLE, NAME, productSpecId, productSpecDesc, productSpecName, slaId, slaSpecDesc, slaSpecName, validForEnd, validForStart FROM PRODUCTOFFERING WHERE (NAME = ?)&quot;)</pre></p><p><b>root cause</b> <pre>java.sql.SQLSyntaxErrorException: La colonne 'PRODUCTSPECID' ne se trouve dans aucune table de la liste FROM ou figure dans une spcification de jointure et se trouve en dehors de la porte de cette spcification ou figure dans une clause HAVING mais ne se trouve pas dans la liste GROUP BY. S'il s'agit d'une instruction CREATE ou ALTER TABLE, alors 'PRODUCTSPECID' n'est pas une colonne de la table cible.</pre></p><p><b>root cause</b> <pre>org.apache.derby.client.am.SqlException: La colonne 'PRODUCTSPECID' ne se trouve dans aucune table de la liste FROM ou figure dans une spcification de jointure et se trouve en dehors de la porte de cette spcification ou figure dans une clause HAVING mais ne se trouve pas dans la liste GROUP BY. S'il s'agit d'une instruction CREATE ou ALTER TABLE, alors 'PRODUCTSPECID' n'est pas une colonne de la table cible.</pre></p><p><b>note</b> <u>The full stack traces of the exception and its root causes are available in the GlassFish Server Open Source Edition 3.1.2.2 logs.</u></p><hr/><h3>GlassFish Server Open Source Edition 3.1.2.2</h3></body></html>
   URL:http://localhost:8080/DSProductCatalog/webresources/tmf.org.dsmapi.catalog.productoffering/?fields=name&name.eq=PO+1
   TIME:0,522
   STATUS:500
   METHOD:GET


   RESPONSE:
[]
   URL:http://localhost:8080/DSProductCatalog/webresources/tmf.org.dsmapi.catalog.productoffering/?fields=name&name.eq=PO+1
   TIME:2,300
   STATUS:200
   METHOD:GET


   RESPONSE:
<!DOCTYPE html PUBLIC "-//W3C//DTD XHTML 1.0 Strict//EN" "http://www.w3.org/TR/xhtml1/DTD/xhtml1-strict.dtd"><html xmlns="http://www.w3.org/1999/xhtml"><head><title>GlassFish Server Open Source Edition 3.1.2.2 - Error report</title><style type="text/css"><!--H1 {font-family:Tahoma,Arial,sans-serif;color:white;background-color:#525D76;font-size:22px;} H2 {font-family:Tahoma,Arial,sans-serif;color:white;background-color:#525D76;font-size:16px;} H3 {font-family:Tahoma,Arial,sans-serif;color:white;background-color:#525D76;font-size:14px;} BODY {font-family:Tahoma,Arial,sans-serif;color:black;background-color:white;} B {font-family:Tahoma,Arial,sans-serif;color:white;background-color:#525D76;} P {font-family:Tahoma,Arial,sans-serif;background:white;color:black;font-size:12px;}A {color : black;}HR {color : #525D76;}--></style> </head><body><h1>HTTP Status 500 - </h1><hr/><p><b>type</b> Exception report</p><p><b>message</b></p><p><b>description</b>The server encountered an internal error () that prevented it from fulfilling this request.</p><p><b>exception</b> <pre>javax.servlet.ServletException: org.codehaus.jackson.map.exc.UnrecognizedPropertyException: Unrecognized field &quot;href&quot; (Class tmf.org.dsmapi.catalog.RefInfo), not marked as ignorable
 at [Source: org.apache.catalina.connector.CoyoteInputStream@34ba89c5; line: 1, column: 312] (through reference chain: tmf.org.dsmapi.catalog.ProductOffering[&quot;productCategories&quot;]-&gt;tmf.org.dsmapi.catalog.RefInfo[&quot;href&quot;])</pre></p><p><b>root cause</b> <pre>org.codehaus.jackson.map.exc.UnrecognizedPropertyException: Unrecognized field &quot;href&quot; (Class tmf.org.dsmapi.catalog.RefInfo), not marked as ignorable
 at [Source: org.apache.catalina.connector.CoyoteInputStream@34ba89c5; line: 1, column: 312] (through reference chain: tmf.org.dsmapi.catalog.ProductOffering[&quot;productCategories&quot;]-&gt;tmf.org.dsmapi.catalog.RefInfo[&quot;href&quot;])</pre></p><p><b>note</b> <u>The full stack traces of the exception and its root causes are available in the GlassFish Server Open Source Edition 3.1.2.2 logs.</u></p><hr/><h3>GlassFish Server Open Source Edition 3.1.2.2</h3></body></html>
   URL:http://localhost:8080/DSProductCatalog/webresources/tmf.org.dsmapi.catalog.productoffering/admin
   TIME:0,201
   STATUS:500
   METHOD:POST
   INPUT FILE:json/list-large.json


   RESPONSE:
[]
   URL:http://localhost:8080/DSProductCatalog/webresources/tmf.org.dsmapi.catalog.productoffering/?fields=name&name.eq=PO+1
   TIME:0,026
   STATUS:200
   METHOD:GET


   RESPONSE:
<!DOCTYPE html PUBLIC "-//W3C//DTD XHTML 1.0 Strict//EN" "http://www.w3.org/TR/xhtml1/DTD/xhtml1-strict.dtd"><html xmlns="http://www.w3.org/1999/xhtml"><head><title>GlassFish Server Open Source Edition 3.1.2.2 - Error report</title><style type="text/css"><!--H1 {font-family:Tahoma,Arial,sans-serif;color:white;background-color:#525D76;font-size:22px;} H2 {font-family:Tahoma,Arial,sans-serif;color:white;background-color:#525D76;font-size:16px;} H3 {font-family:Tahoma,Arial,sans-serif;color:white;background-color:#525D76;font-size:14px;} BODY {font-family:Tahoma,Arial,sans-serif;color:black;background-color:white;} B {font-family:Tahoma,Arial,sans-serif;color:white;background-color:#525D76;} P {font-family:Tahoma,Arial,sans-serif;background:white;color:black;font-size:12px;}A {color : black;}HR {color : #525D76;}--></style> </head><body><h1>HTTP Status 500 - </h1><hr/><p><b>type</b> Exception report</p><p><b>message</b></p><p><b>description</b>The server encountered an internal error () that prevented it from fulfilling this request.</p><p><b>exception</b> <pre>javax.servlet.ServletException: org.codehaus.jackson.map.exc.UnrecognizedPropertyException: Unrecognized field &quot;href&quot; (Class tmf.org.dsmapi.catalog.RefInfo), not marked as ignorable
 at [Source: org.apache.catalina.connector.CoyoteInputStream@61229c06; line: 1, column: 312] (through reference chain: tmf.org.dsmapi.catalog.ProductOffering[&quot;productCategories&quot;]-&gt;tmf.org.dsmapi.catalog.RefInfo[&quot;href&quot;])</pre></p><p><b>root cause</b> <pre>org.codehaus.jackson.map.exc.UnrecognizedPropertyException: Unrecognized field &quot;href&quot; (Class tmf.org.dsmapi.catalog.RefInfo), not marked as ignorable
 at [Source: org.apache.catalina.connector.CoyoteInputStream@61229c06; line: 1, column: 312] (through reference chain: tmf.org.dsmapi.catalog.ProductOffering[&quot;productCategories&quot;]-&gt;tmf.org.dsmapi.catalog.RefInfo[&quot;href&quot;])</pre></p><p><b>note</b> <u>The full stack traces of the exception and its root causes are available in the GlassFish Server Open Source Edition 3.1.2.2 logs.</u></p><hr/><h3>GlassFish Server Open Source Edition 3.1.2.2</h3></body></html>
   URL:http://localhost:8080/DSProductCatalog/webresources/tmf.org.dsmapi.catalog.productoffering/admin
   TIME:0,030
   STATUS:500
   METHOD:POST
   INPUT FILE:json/list-large.json


   RESPONSE:
{"previousRows":"0","currentRows":"10","affectedRows":"10"}
   URL:http://localhost:8080/DSProductCatalog/webresources/tmf.org.dsmapi.catalog.productoffering/admin
   TIME:0,502
   STATUS:201
   METHOD:POST
   INPUT FILE:json/list-large.json


   RESPONSE:
[{"id":"1","name":"PO 1"}]
   URL:http://localhost:8080/DSProductCatalog/webresources/tmf.org.dsmapi.catalog.productoffering/?fields=name&name.eq=PO+1
   TIME:0,092
   STATUS:200
   METHOD:GET


   RESPONSE:
{"error":{"code":"4011","title":"Wrong operator usage"},"detail":"lte operator incompatible with field"}
   URL:http://localhost:8080/DSProductCatalog/webresources/tmf.org.dsmapi.catalog.productoffering/?fields=name&name.lte=PO+1
   TIME:0,051
   STATUS:400
   METHOD:GET


   RESPONSE:
[]
   URL:http://localhost:8080/DSProductCatalog/webresources/tmf.org.dsmapi.catalog.productoffering/?fields=name&name.lte=PO+1
   TIME:0,443
   STATUS:200
   METHOD:GET


   RESPONSE:
{"previousRows":"21","currentRows":"0","affectedRows":"21"}
   URL:http://localhost:8080/DSProductCatalog/webresources/tmf.org.dsmapi.catalog.productoffering/admin/
   TIME:0,382
   STATUS:200
   METHOD:DELETE


   RESPONSE:
{"id":"51","name":"PO 1","description":"ProductOffering 1","isBundle":true,"validFor":{"startDateTime":"2001-01-01T00:00:00.000+0000","endDateTime":"2002-01-01T00:00:00.000+0000"},"productCategories":[{"id":"id","name":"name","description":"desc"},{"id":"id","name":"name","description":"desc"}],"productSpecification":{"id":"id","name":"name","description":"desc"},"productOfferingPrices":[{"name":"name","validFor":{"startDateTime":"2001-01-01T00:00:00.000+0000","endDateTime":"2002-01-01T00:00:00.000+0000"},"price":{"amount":"amount","currency":"currency"},"recurringChargePeriod":"period"}],"bundledProductOfferings":[{"id":"id","name":"name","description":"desc"}]}
   URL:http://localhost:8080/DSProductCatalog/webresources/tmf.org.dsmapi.catalog.productoffering/
   TIME:0,125
   STATUS:200
   METHOD:POST
   INPUT FILE:json/create.json


   RESPONSE:
{"id":"101","name":"PO 1","description":"ProductOffering 1","isBundle":true,"validFor":{"startDateTime":"2001-01-01T00:00:00.000+0000","endDateTime":"2002-01-01T00:00:00.000+0000"},"productCategories":[{"id":"id","name":"name","description":"desc"},{"id":"id","name":"name","description":"desc"}],"productSpecification":{"id":"id","name":"name","description":"desc"},"productOfferingPrices":[{"name":"name","validFor":{"startDateTime":"2001-01-01T00:00:00.000+0000","endDateTime":"2002-01-01T00:00:00.000+0000"},"price":{"amount":"amount","currency":"currency"},"recurringChargePeriod":"period"}],"bundledProductOfferings":[{"id":"id","name":"name","description":"desc"}]}
   URL:http://localhost:8080/DSProductCatalog/webresources/tmf.org.dsmapi.catalog.productoffering/
   TIME:0,204
   STATUS:200
   METHOD:POST
   INPUT FILE:json/create.json


   RESPONSE:
<!DOCTYPE html PUBLIC "-//W3C//DTD XHTML 1.0 Strict//EN" "http://www.w3.org/TR/xhtml1/DTD/xhtml1-strict.dtd"><html xmlns="http://www.w3.org/1999/xhtml"><head><title>GlassFish Server Open Source Edition 3.1.2.2 - Error report</title><style type="text/css"><!--H1 {font-family:Tahoma,Arial,sans-serif;color:white;background-color:#525D76;font-size:22px;} H2 {font-family:Tahoma,Arial,sans-serif;color:white;background-color:#525D76;font-size:16px;} H3 {font-family:Tahoma,Arial,sans-serif;color:white;background-color:#525D76;font-size:14px;} BODY {font-family:Tahoma,Arial,sans-serif;color:black;background-color:white;} B {font-family:Tahoma,Arial,sans-serif;color:white;background-color:#525D76;} P {font-family:Tahoma,Arial,sans-serif;background:white;color:black;font-size:12px;}A {color : black;}HR {color : #525D76;}--></style> </head><body><h1>HTTP Status 404 - Not Found</h1><hr/><p><b>type</b> Status report</p><p><b>message</b>Not Found</p><p><b>description</b>The requested resource (Not Found) is not available.</p><hr/><h3>GlassFish Server Open Source Edition 3.1.2.2</h3></body></html>
   URL:http://localhost:8080/DSProductCatalog/api/productoffering/
   TIME:0,030
   STATUS:404
   METHOD:GET


   RESPONSE:
[{"id":"51","name":"PO 1","description":"ProductOffering 1","isBundle":false,"validFor":{"startDateTime":"2011-01-01T00:00:00.000+0000","endDateTime":"2002-01-01T00:00:00.000+0000"},"productCategories":[{"id":"id","name":"name","description":"desc"},{"id":"id","name":"name","description":"desc"}],"productSpecification":{"id":"id","name":"name","description":"desc"},"productOfferingPrices":[{"name":"name","validFor":{"startDateTime":"2001-01-01T00:00:00.000+0000","endDateTime":"2002-01-01T00:00:00.000+0000"},"price":{"amount":"amount","currency":"currency"},"recurringChargePeriod":"period"}],"bundledProductOfferings":[{"id":"id","name":"name","description":"desc"}]}]
   URL:http://localhost:8080/DSProductCatalog/api/productOffering/
   TIME:0,144
   STATUS:200
   METHOD:GET


   RESPONSE:
[ {
  "id" : "51",
  "name" : "PO 1",
  "description" : "ProductOffering 1",
  "isBundle" : false,
  "validFor" : {
    "startDateTime" : "2011-01-01T00:00:00.000+0000",
    "endDateTime" : "2002-01-01T00:00:00.000+0000"
  },
  "productCategories" : [ {
    "id" : "id",
    "name" : "name",
    "description" : "desc"
  }, {
    "id" : "id",
    "name" : "name",
    "description" : "desc"
  } ],
  "productSpecification" : {
    "id" : "id",
    "name" : "name",
    "description" : "desc"
  },
  "productOfferingPrices" : [ {
    "name" : "name",
    "validFor" : {
      "startDateTime" : "2001-01-01T00:00:00.000+0000",
      "endDateTime" : "2002-01-01T00:00:00.000+0000"
    },
    "price" : {
      "amount" : "amount",
      "currency" : "currency"
    },
    "recurringChargePeriod" : "period"
  } ],
  "bundledProductOfferings" : [ {
    "id" : "id",
    "name" : "name",
    "description" : "desc"
  } ]
} ]
   URL:http://localhost:8080/DSProductCatalog/api/productOffering/
   TIME:0,376
   STATUS:200
   METHOD:GET


   RESPONSE:
[ {
  "id" : "51",
  "productOfferingPrices" : [ {
    "name" : "name",
    "validFor" : {
      "startDateTime" : "2001-01-01T00:00:00.000+0000",
      "endDateTime" : "2002-01-01T00:00:00.000+0000"
    },
    "price" : {
      "amount" : "amount",
      "currency" : "currency"
    },
    "recurringChargePeriod" : "period"
  } ]
} ]
   URL:http://localhost:8080/DSProductCatalog/api/productOffering/?fields=productOfferingPrices&productOfferingPrices=(price.amount=amount&price.currency=currency)
   TIME:0,031
   STATUS:200
   METHOD:GET


   RESPONSE:
[ {
  "id" : "51",
  "productOfferingPrices" : [ {
    "name" : "name",
    "validFor" : {
      "startDateTime" : "2001-01-01T00:00:00.000+0000",
      "endDateTime" : "2002-01-01T00:00:00.000+0000"
    },
    "price" : {
      "amount" : "amount",
      "currency" : "currency"
    },
    "recurringChargePeriod" : "period"
  } ]
} ]
   URL:http://localhost:8080/DSProductCatalog/api/productOffering/?fields=productOfferingPrices&productOfferingPrices=%28price.amount%3Damount%26price.currency%3Dcurrency%29
   TIME:0,035
   STATUS:200
   METHOD:GET

