   REQUEST GET http://localhost:8080/DSProductCatalog/api/productOffering/

   RESPONSE
[ ]
   TIME:0,467
   STATUS:200

   COMMAND
   curl --write-out @commons/curl_template --insecure --user user:user --header Content-Type:application/json --header Accept:application/json -X GET http://localhost:8080/DSProductCatalog/api/productOffering/


   REQUEST POST http://localhost:8080/DSProductCatalog/api/productOffering

   REQUEST BODY:
      {
      "name": "PO 1",
      "description": "ProductOffering 1",
      "isBundle": true,
      "validFor":       {
         "startDateTime": "2001-01-01T00:00:00.000+0000",
         "endDateTime": "2002-01-01T00:00:00.000+0000"
      },
      "productCategories":       [
                  {
            "id": "id",
            "name": "name",
            "description": "desc"
         },
                  {
            "id": "id",
            "name": "name",
            "description": "desc"
         }
      ],
      "productSpecification":       {
         "id": "id",
         "name": "name",
         "description": "desc"
      },
      "productOfferingPrices": [      {
         "name": "name",
         "validFor":          {
            "startDateTime": "2001-01-01T00:00:00.000+0000",
            "endDateTime": "2002-01-01T00:00:00.000+0000"
         },
         "price":          {
            "amount": "amount",
            "currency": "currency"
         },
         "recurringChargePeriod": "period"
      }],
      "bundledProductOfferings": [      {
         "id": "id",
         "name": "name",
         "description": "desc"
      }]
   }

   RESPONSE
{
  "id" : "201",
  "name" : "PO 1",
  "description" : "ProductOffering 1",
  "isBundle" : true,
  "validFor" : {
    "startDateTime" : "2001-01-01T00:00:00.000+0000",
    "endDateTime" : "2002-01-01T00:00:00.000+0000"
  },
  "productCategories" : [ {
    "id" : "id",
    "name" : "name",
    "description" : "desc"
  }, {
    "id" : "id",
    "name" : "name",
    "description" : "desc"
  } ],
  "productSpecification" : {
    "id" : "id",
    "name" : "name",
    "description" : "desc"
  },
  "productOfferingPrices" : [ {
    "name" : "name",
    "validFor" : {
      "startDateTime" : "2001-01-01T00:00:00.000+0000",
      "endDateTime" : "2002-01-01T00:00:00.000+0000"
    },
    "price" : {
      "amount" : "amount",
      "currency" : "currency"
    },
    "recurringChargePeriod" : "period"
  } ],
  "bundledProductOfferings" : [ {
    "id" : "id",
    "name" : "name",
    "description" : "desc"
  } ]
}
   TIME:0,130
   STATUS:200

   COMMAND
   curl --write-out @commons/curl_template --insecure --user user:user --header Content-Type:application/json --header Accept:application/json -X POST http://localhost:8080/DSProductCatalog/api/productOffering -d @json/create.json


   REQUEST DELETE http://localhost:8080/DSProductCatalog/api/admin/productOffering/201

   RESPONSE

   TIME:0,069
   STATUS:204

   COMMAND
   curl --write-out @commons/curl_template --insecure --user user:user --header Content-Type:application/json --header Accept:application/json -X DELETE http://localhost:8080/DSProductCatalog/api/admin/productOffering/201


   REQUEST GET http://localhost:8080/DSProductCatalog/api/productOffering/

   RESPONSE
[ ]
   TIME:0,033
   STATUS:200

   COMMAND
   curl --write-out @commons/curl_template --insecure --user user:user --header Content-Type:application/json --header Accept:application/json -X GET http://localhost:8080/DSProductCatalog/api/productOffering/


   REQUEST POST http://localhost:8080/DSProductCatalog/api/productOffering

   REQUEST BODY:
      {
      "name": "PO 1",
      "description": "ProductOffering 1",
      "isBundle": true,
      "validFor":       {
         "startDateTime": "2001-01-01T00:00:00.000+0000",
         "endDateTime": "2002-01-01T00:00:00.000+0000"
      },
      "productCategories":       [
                  {
            "id": "id",
            "name": "name",
            "description": "desc"
         },
                  {
            "id": "id",
            "name": "name",
            "description": "desc"
         }
      ],
      "productSpecification":       {
         "id": "id",
         "name": "name",
         "description": "desc"
      },
      "productOfferingPrices": [      {
         "name": "name",
         "validFor":          {
            "startDateTime": "2001-01-01T00:00:00.000+0000",
            "endDateTime": "2002-01-01T00:00:00.000+0000"
         },
         "price":          {
            "amount": "amount",
            "currency": "currency"
         },
         "recurringChargePeriod": "period"
      }],
      "bundledProductOfferings": [      {
         "id": "id",
         "name": "name",
         "description": "desc"
      }]
   }

   RESPONSE
{
  "id" : "202",
  "name" : "PO 1",
  "description" : "ProductOffering 1",
  "isBundle" : true,
  "validFor" : {
    "startDateTime" : "2001-01-01T00:00:00.000+0000",
    "endDateTime" : "2002-01-01T00:00:00.000+0000"
  },
  "productCategories" : [ {
    "id" : "id",
    "name" : "name",
    "description" : "desc"
  }, {
    "id" : "id",
    "name" : "name",
    "description" : "desc"
  } ],
  "productSpecification" : {
    "id" : "id",
    "name" : "name",
    "description" : "desc"
  },
  "productOfferingPrices" : [ {
    "name" : "name",
    "validFor" : {
      "startDateTime" : "2001-01-01T00:00:00.000+0000",
      "endDateTime" : "2002-01-01T00:00:00.000+0000"
    },
    "price" : {
      "amount" : "amount",
      "currency" : "currency"
    },
    "recurringChargePeriod" : "period"
  } ],
  "bundledProductOfferings" : [ {
    "id" : "id",
    "name" : "name",
    "description" : "desc"
  } ]
}
   TIME:0,037
   STATUS:200

   COMMAND
   curl --write-out @commons/curl_template --insecure --user user:user --header Content-Type:application/json --header Accept:application/json -X POST http://localhost:8080/DSProductCatalog/api/productOffering -d @json/create.json


   REQUEST POST http://localhost:8080/DSProductCatalog/api/productOffering

   REQUEST BODY:
      {
      "name": "PO 1",
      "description": "ProductOffering 1",
      "isBundle": true,
      "validFor":       {
         "startDateTime": "2001-01-01T00:00:00.000+0000",
         "endDateTime": "2002-01-01T00:00:00.000+0000"
      },
      "productCategories":       [
                  {
            "id": "id",
            "name": "name",
            "description": "desc"
         },
                  {
            "id": "id",
            "name": "name",
            "description": "desc"
         }
      ],
      "productSpecification":       {
         "id": "id",
         "name": "name",
         "description": "desc"
      },
      "productOfferingPrices": [      {
         "name": "name",
         "validFor":          {
            "startDateTime": "2001-01-01T00:00:00.000+0000",
            "endDateTime": "2002-01-01T00:00:00.000+0000"
         },
         "price":          {
            "amount": "amount",
            "currency": "currency"
         },
         "recurringChargePeriod": "period"
      }],
      "bundledProductOfferings": [      {
         "id": "id",
         "name": "name",
         "description": "desc"
      }]
   }

   RESPONSE
{
  "id" : "203",
  "name" : "PO 1",
  "description" : "ProductOffering 1",
  "isBundle" : true,
  "validFor" : {
    "startDateTime" : "2001-01-01T00:00:00.000+0000",
    "endDateTime" : "2002-01-01T00:00:00.000+0000"
  },
  "productCategories" : [ {
    "id" : "id",
    "name" : "name",
    "description" : "desc"
  }, {
    "id" : "id",
    "name" : "name",
    "description" : "desc"
  } ],
  "productSpecification" : {
    "id" : "id",
    "name" : "name",
    "description" : "desc"
  },
  "productOfferingPrices" : [ {
    "name" : "name",
    "validFor" : {
      "startDateTime" : "2001-01-01T00:00:00.000+0000",
      "endDateTime" : "2002-01-01T00:00:00.000+0000"
    },
    "price" : {
      "amount" : "amount",
      "currency" : "currency"
    },
    "recurringChargePeriod" : "period"
  } ],
  "bundledProductOfferings" : [ {
    "id" : "id",
    "name" : "name",
    "description" : "desc"
  } ]
}
   TIME:0,038
   STATUS:200

   COMMAND
   curl --write-out @commons/curl_template --insecure --user user:user --header Content-Type:application/json --header Accept:application/json -X POST http://localhost:8080/DSProductCatalog/api/productOffering -d @json/create.json


   REQUEST GET http://localhost:8080/DSProductCatalog/api/productOffering/

   RESPONSE
[ {
  "id" : "202",
  "name" : "PO 1",
  "description" : "ProductOffering 1",
  "isBundle" : true,
  "validFor" : {
    "startDateTime" : "2001-01-01T00:00:00.000+0000",
    "endDateTime" : "2002-01-01T00:00:00.000+0000"
  },
  "productCategories" : [ {
    "id" : "id",
    "name" : "name",
    "description" : "desc"
  }, {
    "id" : "id",
    "name" : "name",
    "description" : "desc"
  } ],
  "productSpecification" : {
    "id" : "id",
    "name" : "name",
    "description" : "desc"
  },
  "productOfferingPrices" : [ {
    "name" : "name",
    "validFor" : {
      "startDateTime" : "2001-01-01T00:00:00.000+0000",
      "endDateTime" : "2002-01-01T00:00:00.000+0000"
    },
    "price" : {
      "amount" : "amount",
      "currency" : "currency"
    },
    "recurringChargePeriod" : "period"
  } ],
  "bundledProductOfferings" : [ {
    "id" : "id",
    "name" : "name",
    "description" : "desc"
  } ]
}, {
  "id" : "203",
  "name" : "PO 1",
  "description" : "ProductOffering 1",
  "isBundle" : true,
  "validFor" : {
    "startDateTime" : "2001-01-01T00:00:00.000+0000",
    "endDateTime" : "2002-01-01T00:00:00.000+0000"
  },
  "productCategories" : [ {
    "id" : "id",
    "name" : "name",
    "description" : "desc"
  }, {
    "id" : "id",
    "name" : "name",
    "description" : "desc"
  } ],
  "productSpecification" : {
    "id" : "id",
    "name" : "name",
    "description" : "desc"
  },
  "productOfferingPrices" : [ {
    "name" : "name",
    "validFor" : {
      "startDateTime" : "2001-01-01T00:00:00.000+0000",
      "endDateTime" : "2002-01-01T00:00:00.000+0000"
    },
    "price" : {
      "amount" : "amount",
      "currency" : "currency"
    },
    "recurringChargePeriod" : "period"
  } ],
  "bundledProductOfferings" : [ {
    "id" : "id",
    "name" : "name",
    "description" : "desc"
  } ]
} ]
   TIME:0,031
   STATUS:200

   COMMAND
   curl --write-out @commons/curl_template --insecure --user user:user --header Content-Type:application/json --header Accept:application/json -X GET http://localhost:8080/DSProductCatalog/api/productOffering/


   REQUEST GET http://localhost:8080/DSProductCatalog/api/admin/productOffering/

   RESPONSE
<!DOCTYPE html PUBLIC "-//W3C//DTD XHTML 1.0 Strict//EN" "http://www.w3.org/TR/xhtml1/DTD/xhtml1-strict.dtd"><html xmlns="http://www.w3.org/1999/xhtml"><head><title>GlassFish Server Open Source Edition 3.1.2.2 - Error report</title><style type="text/css"><!--H1 {font-family:Tahoma,Arial,sans-serif;color:white;background-color:#525D76;font-size:22px;} H2 {font-family:Tahoma,Arial,sans-serif;color:white;background-color:#525D76;font-size:16px;} H3 {font-family:Tahoma,Arial,sans-serif;color:white;background-color:#525D76;font-size:14px;} BODY {font-family:Tahoma,Arial,sans-serif;color:black;background-color:white;} B {font-family:Tahoma,Arial,sans-serif;color:white;background-color:#525D76;} P {font-family:Tahoma,Arial,sans-serif;background:white;color:black;font-size:12px;}A {color : black;}HR {color : #525D76;}--></style> </head><body><h1>HTTP Status 405 - Method Not Allowed</h1><hr/><p><b>type</b> Status report</p><p><b>message</b>Method Not Allowed</p><p><b>description</b>The specified HTTP method is not allowed for the requested resource (Method Not Allowed).</p><hr/><h3>GlassFish Server Open Source Edition 3.1.2.2</h3></body></html>
   TIME:0,020
   STATUS:405

   COMMAND
   curl --write-out @commons/curl_template --insecure --user user:user --header Content-Type:application/json --header Accept:application/json -X GET http://localhost:8080/DSProductCatalog/api/admin/productOffering/


   REQUEST DELETE http://localhost:8080/DSProductCatalog/api/admin/productOffering/

   RESPONSE
{
  "previousRows" : "2",
  "currentRows" : "0",
  "affectedRows" : "2"
}
   TIME:0,058
   STATUS:200

   COMMAND
   curl --write-out @commons/curl_template --insecure --user user:user --header Content-Type:application/json --header Accept:application/json -X DELETE http://localhost:8080/DSProductCatalog/api/admin/productOffering/


   REQUEST GET http://localhost:8080/DSProductCatalog/api/admin/productOffering/

   RESPONSE
<!DOCTYPE html PUBLIC "-//W3C//DTD XHTML 1.0 Strict//EN" "http://www.w3.org/TR/xhtml1/DTD/xhtml1-strict.dtd"><html xmlns="http://www.w3.org/1999/xhtml"><head><title>GlassFish Server Open Source Edition 3.1.2.2 - Error report</title><style type="text/css"><!--H1 {font-family:Tahoma,Arial,sans-serif;color:white;background-color:#525D76;font-size:22px;} H2 {font-family:Tahoma,Arial,sans-serif;color:white;background-color:#525D76;font-size:16px;} H3 {font-family:Tahoma,Arial,sans-serif;color:white;background-color:#525D76;font-size:14px;} BODY {font-family:Tahoma,Arial,sans-serif;color:black;background-color:white;} B {font-family:Tahoma,Arial,sans-serif;color:white;background-color:#525D76;} P {font-family:Tahoma,Arial,sans-serif;background:white;color:black;font-size:12px;}A {color : black;}HR {color : #525D76;}--></style> </head><body><h1>HTTP Status 405 - Method Not Allowed</h1><hr/><p><b>type</b> Status report</p><p><b>message</b>Method Not Allowed</p><p><b>description</b>The specified HTTP method is not allowed for the requested resource (Method Not Allowed).</p><hr/><h3>GlassFish Server Open Source Edition 3.1.2.2</h3></body></html>
   TIME:0,020
   STATUS:405

   COMMAND
   curl --write-out @commons/curl_template --insecure --user user:user --header Content-Type:application/json --header Accept:application/json -X GET http://localhost:8080/DSProductCatalog/api/admin/productOffering/


   REQUEST POST http://localhost:8080/DSProductCatalog/api/productOffering

   REQUEST BODY:
      {
      "name": "PO 1",
      "description": "ProductOffering 1",
      "isBundle": true,
      "validFor":       {
         "startDateTime": "2001-01-01T00:00:00.000+0000",
         "endDateTime": "2002-01-01T00:00:00.000+0000"
      },
      "productCategories":       [
                  {
            "id": "id",
            "name": "name",
            "description": "desc"
         },
                  {
            "id": "id",
            "name": "name",
            "description": "desc"
         }
      ],
      "productSpecification":       {
         "id": "id",
         "name": "name",
         "description": "desc"
      },
      "productOfferingPrices": [      {
         "name": "name",
         "validFor":          {
            "startDateTime": "2001-01-01T00:00:00.000+0000",
            "endDateTime": "2002-01-01T00:00:00.000+0000"
         },
         "price":          {
            "amount": "amount",
            "currency": "currency"
         },
         "recurringChargePeriod": "period"
      }],
      "bundledProductOfferings": [      {
         "id": "id",
         "name": "name",
         "description": "desc"
      }]
   }

   RESPONSE
{
  "id" : "204",
  "name" : "PO 1",
  "description" : "ProductOffering 1",
  "isBundle" : true,
  "validFor" : {
    "startDateTime" : "2001-01-01T00:00:00.000+0000",
    "endDateTime" : "2002-01-01T00:00:00.000+0000"
  },
  "productCategories" : [ {
    "id" : "id",
    "name" : "name",
    "description" : "desc"
  }, {
    "id" : "id",
    "name" : "name",
    "description" : "desc"
  } ],
  "productSpecification" : {
    "id" : "id",
    "name" : "name",
    "description" : "desc"
  },
  "productOfferingPrices" : [ {
    "name" : "name",
    "validFor" : {
      "startDateTime" : "2001-01-01T00:00:00.000+0000",
      "endDateTime" : "2002-01-01T00:00:00.000+0000"
    },
    "price" : {
      "amount" : "amount",
      "currency" : "currency"
    },
    "recurringChargePeriod" : "period"
  } ],
  "bundledProductOfferings" : [ {
    "id" : "id",
    "name" : "name",
    "description" : "desc"
  } ]
}
   TIME:0,038
   STATUS:200

   COMMAND
   curl --write-out @commons/curl_template --insecure --user user:user --header Content-Type:application/json --header Accept:application/json -X POST http://localhost:8080/DSProductCatalog/api/productOffering -d @json/create.json


   REQUEST GET http://localhost:8080/DSProductCatalog/api/admin/productOffering/

   RESPONSE
<!DOCTYPE html PUBLIC "-//W3C//DTD XHTML 1.0 Strict//EN" "http://www.w3.org/TR/xhtml1/DTD/xhtml1-strict.dtd"><html xmlns="http://www.w3.org/1999/xhtml"><head><title>GlassFish Server Open Source Edition 3.1.2.2 - Error report</title><style type="text/css"><!--H1 {font-family:Tahoma,Arial,sans-serif;color:white;background-color:#525D76;font-size:22px;} H2 {font-family:Tahoma,Arial,sans-serif;color:white;background-color:#525D76;font-size:16px;} H3 {font-family:Tahoma,Arial,sans-serif;color:white;background-color:#525D76;font-size:14px;} BODY {font-family:Tahoma,Arial,sans-serif;color:black;background-color:white;} B {font-family:Tahoma,Arial,sans-serif;color:white;background-color:#525D76;} P {font-family:Tahoma,Arial,sans-serif;background:white;color:black;font-size:12px;}A {color : black;}HR {color : #525D76;}--></style> </head><body><h1>HTTP Status 405 - Method Not Allowed</h1><hr/><p><b>type</b> Status report</p><p><b>message</b>Method Not Allowed</p><p><b>description</b>The specified HTTP method is not allowed for the requested resource (Method Not Allowed).</p><hr/><h3>GlassFish Server Open Source Edition 3.1.2.2</h3></body></html>
   TIME:0,022
   STATUS:405

   COMMAND
   curl --write-out @commons/curl_template --insecure --user user:user --header Content-Type:application/json --header Accept:application/json -X GET http://localhost:8080/DSProductCatalog/api/admin/productOffering/


   REQUEST GET http://localhost:8080/DSProductCatalog/api/admin/productOffering/count

   RESPONSE
{
  "currentRows" : "1"
}
   TIME:0,027
   STATUS:200

   COMMAND
   curl --write-out @commons/curl_template --insecure --user user:user --header Content-Type:application/json --header Accept:application/json -X GET http://localhost:8080/DSProductCatalog/api/admin/productOffering/count


   REQUEST DELETE http://localhost:8080/DSProductCatalog/api/admin/productOffering/

   RESPONSE
{
  "previousRows" : "1",
  "currentRows" : "0",
  "affectedRows" : "1"
}
   TIME:0,042
   STATUS:200

   COMMAND
   curl --write-out @commons/curl_template --insecure --user user:user --header Content-Type:application/json --header Accept:application/json -X DELETE http://localhost:8080/DSProductCatalog/api/admin/productOffering/


   REQUEST GET http://localhost:8080/DSProductCatalog/api/admin/productOffering/count

   RESPONSE
{
  "currentRows" : "0"
}
   TIME:0,022
   STATUS:200

   COMMAND
   curl --write-out @commons/curl_template --insecure --user user:user --header Content-Type:application/json --header Accept:application/json -X GET http://localhost:8080/DSProductCatalog/api/admin/productOffering/count


